GROUP,PACKAGE,CLASS,INSTRUCTION_MISSED,INSTRUCTION_COVERED,BRANCH_MISSED,BRANCH_COVERED,LINE_MISSED,LINE_COVERED,COMPLEXITY_MISSED,COMPLEXITY_COVERED,METHOD_MISSED,METHOD_COVERED
backend-java,com.asistentewhatsapp.conversations.infrastructure,ConversationJdbcRepository.QueryParts,9,0,0,0,1,0,1,0,1,0
backend-java,com.asistentewhatsapp.conversations.infrastructure,ConversationJdbcRepository,1335,11,76,0,253,5,88,2,50,2
backend-java,com.asistentewhatsapp.conversations.infrastructure,ConversationJdbcRepository.ConversationDetailRow,60,0,0,0,1,0,1,0,1,0
backend-java,com.asistentewhatsapp.conversations.infrastructure,ConversationJdbcRepository.ChannelAccountRecord,9,0,0,0,1,0,1,0,1,0
backend-java,com.asistentewhatsapp.conversations.infrastructure,ConversationJdbcRepository.TemplateRecord,18,0,0,0,1,0,1,0,1,0
backend-java,com.asistentewhatsapp.conversations.infrastructure,ConversationJdbcRepository.ConversationContextRecord,0,18,0,0,0,1,0,1,0,1
backend-java,com.asistentewhatsapp.conversations.infrastructure,ConversationJdbcRepository.ProviderAddressRow,9,0,0,0,1,0,1,0,1,0
backend-java,com.asistentewhatsapp.conversations.infrastructure,ConversationJdbcRepository.CustomerRecord,21,0,0,0,1,0,1,0,1,0
backend-java,com.asistentewhatsapp.shared.exception,AuthenticationFailedException,13,0,0,0,4,0,2,0,2,0
backend-java,com.asistentewhatsapp.shared.exception,ApiException,0,29,0,0,0,10,0,5,0,5
backend-java,com.asistentewhatsapp.shared.exception,MessagingChannelUnavailableException,0,4,0,0,0,2,0,1,0,1
backend-java,com.asistentewhatsapp.shared.exception,GlobalExceptionHandler,122,145,10,6,23,23,17,7,11,5
backend-java,com.asistentewhatsapp.shared.exception,ConflictException,13,0,0,0,4,0,2,0,2,0
backend-java,com.asistentewhatsapp.shared.exception,ResourceNotFoundException,6,0,0,0,2,0,1,0,1,0
backend-java,com.asistentewhatsapp.shared.exception,UnsupportedMessagingChannelException,0,4,0,0,0,2,0,1,0,1
backend-java,com.asistentewhatsapp.notifications.api,NotificationReadResponse,0,12,0,0,0,1,0,1,0,1
backend-java,com.asistentewhatsapp.notifications.api,NotificationController,0,27,0,0,0,6,0,4,0,4
backend-java,com.asistentewhatsapp.notifications.api,NotificationsReadAllResponse,0,6,0,0,0,1,0,1,0,1
backend-java,com.asistentewhatsapp.notifications.api,NotificationResponse,0,30,0,0,0,1,0,1,0,1
backend-java,com.asistentewhatsapp.calendar.infrastructure,GoogleCalendarHttpClient.GoogleCalendarApiException,17,64,10,10,1,11,9,10,1,8
backend-java,com.asistentewhatsapp.calendar.infrastructure,GoogleCalendarHttpClient.CalendarListResponse,2,8,1,1,1,3,1,1,0,1
backend-java,com.asistentewhatsapp.calendar.infrastructure,GoogleCalendarHttpClient.UserInfoResponse,0,18,0,0,0,1,0,1,0,1
backend-java,com.asistentewhatsapp.calendar.infrastructure,BookingCalendarSyncJdbcRepository.BookingCalendarSyncRecord,0,42,0,0,0,1,0,1,0,1
backend-java,com.asistentewhatsapp.calendar.infrastructure,GoogleCalendarHttpClient,438,23,20,0,84,6,28,2,18,2
backend-java,com.asistentewhatsapp.calendar.infrastructure,CalendarIntegrationJdbcRepository.CalendarIntegrationAccountRecord,0,51,0,0,0,1,0,1,0,1
backend-java,com.asistentewhatsapp.calendar.infrastructure,GoogleCalendarHttpClient.TokenResponse,4,19,2,2,2,4,2,1,0,1
backend-java,com.asistentewhatsapp.calendar.infrastructure,GoogleCalendarHttpClient.RefreshTokenResponse,0,9,0,0,0,1,0,1,0,1
backend-java,com.asistentewhatsapp.calendar.infrastructure,TokenEncryptionService,7,205,1,15,2,45,1,12,0,5
backend-java,com.asistentewhatsapp.calendar.infrastructure,CalendarIntegrationJdbcRepository,376,6,0,0,70,3,15,1,15,1
backend-java,com.asistentewhatsapp.calendar.infrastructure,GoogleCalendarHttpClient.CalendarListEntry,9,37,4,8,4,7,4,4,0,2
backend-java,com.asistentewhatsapp.calendar.infrastructure,BookingCalendarSyncJdbcRepository,158,169,1,3,24,31,7,10,6,9
backend-java,com.asistentewhatsapp.dashboard.api,DashboardSeriesPointResponse,0,9,0,0,0,1,0,1,0,1
backend-java,com.asistentewhatsapp.dashboard.api,DashboardKpisResponse,0,15,0,0,0,1,0,1,0,1
backend-java,com.asistentewhatsapp.dashboard.api,DashboardSummaryResponse,0,18,0,0,0,1,0,1,0,1
backend-java,com.asistentewhatsapp.dashboard.api,DashboardActivityResponse,0,21,0,0,0,1,0,1,0,1
backend-java,com.asistentewhatsapp.dashboard.api,DashboardAppointmentResponse,0,24,0,0,0,1,0,1,0,1
backend-java,com.asistentewhatsapp.dashboard.api,DashboardController,0,14,0,0,0,4,0,2,0,2
backend-java,com.asistentewhatsapp.shared.email,EmailTemplateRenderer,295,24,16,0,58,9,22,2,14,2
backend-java,com.asistentewhatsapp.shared.email,EmailTemplateRenderer.TextVersions,9,0,0,0,1,0,1,0,1,0
backend-java,com.asistentewhatsapp.shared.email,TransactionalEmailService.DeliveryStatus,0,15,0,0,0,2,0,1,0,1
backend-java,com.asistentewhatsapp.shared.email,TransactionalEmailService,765,45,82,2,140,15,56,2,14,2
backend-java,com.asistentewhatsapp.shared.email,AppointmentConfirmationEmailDTO,255,0,0,0,109,0,73,0,73,0
backend-java,com.asistentewhatsapp,AsistenteWhatsappApplication,5,3,0,0,2,1,1,1,1,1
backend-java,com.asistentewhatsapp.channels.infrastructure.openwa,OpenWaConfiguration,0,3,0,0,0,1,0,1,0,1
backend-java,com.asistentewhatsapp.channels.infrastructure.openwa,OpenWaMessagingChannel.OpenWaSendMessageResponse,12,0,0,0,1,0,1,0,1,0
backend-java,com.asistentewhatsapp.channels.infrastructure.openwa,OpenWaMessagingChannel,77,0,2,0,16,0,4,0,3,0
backend-java,com.asistentewhatsapp.channels.infrastructure.openwa,OpenWaMessagingChannel.OpenWaSendMessageRequest,12,0,0,0,1,0,1,0,1,0
backend-java,com.asistentewhatsapp.channels.infrastructure.openwa,OpenWaClientProperties,0,12,0,0,0,1,0,1,0,1
backend-java,com.asistentewhatsapp.reports.infrastructure,ReportsJdbcRepository,1710,6,144,0,251,3,119,1,37,1
backend-java,com.asistentewhatsapp.security.api,RefreshTokenRequest,6,0,0,0,1,0,1,0,1,0
backend-java,com.asistentewhatsapp.security.api,UpdateProfileRequest,15,0,0,0,1,0,1,0,1,0
backend-java,com.asistentewhatsapp.security.api,ProfileController,11,6,0,0,2,3,2,1,2,1
backend-java,com.asistentewhatsapp.security.api,LoginRequest,0,9,0,0,0,1,0,1,0,1
backend-java,com.asistentewhatsapp.security.api,ForgotPasswordRequest,0,6,0,0,0,1,0,1,0,1
backend-java,com.asistentewhatsapp.security.api,AuditLogResponse,27,0,0,0,1,0,1,0,1,0
backend-java,com.asistentewhatsapp.security.api,ChangePasswordRequest,12,0,0,0,1,0,1,0,1,0
backend-java,com.asistentewhatsapp.security.api,LoginResponse,0,21,0,0,0,1,0,1,0,1
backend-java,com.asistentewhatsapp.security.api,SecurityController,13,9,0,0,2,4,2,1,2,1
backend-java,com.asistentewhatsapp.security.api,AuthController,37,13,0,0,7,4,6,2,6,2
backend-java,com.asistentewhatsapp.security.api,ResetPasswordValidationResponse,9,0,0,0,1,0,1,0,1,0
backend-java,com.asistentewhatsapp.security.api,ResetPasswordRequest,12,0,0,0,1,0,1,0,1,0
backend-java,com.asistentewhatsapp.security.api,UserProfileResponse,27,0,0,0,1,0,1,0,1,0
backend-java,com.asistentewhatsapp.security.api,ForgotPasswordResponse,0,9,0,0,0,1,0,1,0,1
backend-java,com.asistentewhatsapp.security.api,AuthUserResponse,0,30,0,0,0,1,0,1,0,1
backend-java,com.asistentewhatsapp.shared.config,LocalEnvironmentPolicy,10,312,15,63,3,54,15,30,0,6
backend-java,com.asistentewhatsapp.shared.config,RestClientConfig,44,39,10,0,10,11,6,3,1,3
backend-java,com.asistentewhatsapp.shared.config,EgressTrafficGuard,22,142,8,10,3,18,7,7,0,5
backend-java,com.asistentewhatsapp.shared.config,LocalEnvironmentGate,259,0,14,0,32,0,11,0,4,0
backend-java,com.asistentewhatsapp.shared.config,EgressTrafficGuard.EgressTrafficBlockedException,0,5,0,0,0,2,0,1,0,1
backend-java,com.asistentewhatsapp.shared.config,LocalDataInitializer,175,0,2,0,21,0,5,0,4,0
backend-java,com.asistentewhatsapp.shared.config,EmailConfigValidator,91,23,31,1,12,7,18,3,2,3
backend-java,com.asistentewhatsapp.catalog.application,CatalogService,101,6,2,0,16,3,9,1,8,1
backend-java,com.asistentewhatsapp.dashboard.infrastructure,DashboardJdbcRepository,374,6,28,0,61,3,30,1,16,1
backend-java,com.asistentewhatsapp.cloudapi.infrastructure,CloudApiTokenEncryptionService,182,25,10,2,40,9,8,2,2,2
backend-java,com.asistentewhatsapp.customerbookings.application,CustomerBookingService,1158,29,110,0,212,10,84,2,29,2
backend-java,com.asistentewhatsapp.multisite.application,MultisiteService,84,6,0,0,14,3,10,1,10,1
backend-java,com.asistentewhatsapp.calendar,CalendarEventData,5,44,3,3,1,3,3,1,0,1
backend-java,com.asistentewhatsapp.leads.application,LeadService,791,6,82,0,148,3,65,1,23,1
backend-java,com.asistentewhatsapp.leads.application,LeadService.NameParts,9,0,0,0,1,0,1,0,1,0
backend-java,com.asistentewhatsapp.content.api.dto,UpdateContentItemRequest,12,0,0,0,1,0,1,0,1,0
backend-java,com.asistentewhatsapp.content.api.dto,ContentItemPublicResponse,18,0,0,0,1,0,1,0,1,0
backend-java,com.asistentewhatsapp.content.api.dto,UpdateContentItemStatusRequest,6,0,0,0,1,0,1,0,1,0
backend-java,com.asistentewhatsapp.content.api.dto,ContentItemStatsResponse,15,0,0,0,1,0,1,0,1,0
backend-java,com.asistentewhatsapp.content.api.dto,ContentItemImageUploadResponse,9,0,0,0,1,0,1,0,1,0
backend-java,com.asistentewhatsapp.content.api.dto,CreateContentItemRequest,12,0,0,0,1,0,1,0,1,0
backend-java,com.asistentewhatsapp.content.api.dto,ContentItemDetailResponse,39,0,0,0,1,0,1,0,1,0
backend-java,com.asistentewhatsapp.content.api.dto,PublicContentItemResponse,18,0,0,0,1,0,1,0,1,0
backend-java,com.asistentewhatsapp.content.api.dto,ContentItemSummaryResponse,27,0,0,0,1,0,1,0,1,0
backend-java,com.asistentewhatsapp.content.api.dto,ContentItemListRequest,58,0,10,0,9,0,9,0,4,0
backend-java,com.asistentewhatsapp.content.api.dto,ContentItemListResponse,21,0,0,0,1,0,1,0,1,0
backend-java,com.asistentewhatsapp.businessai.application,BusinessAiSettingsService,69,6,0,0,10,3,8,1,8,1
backend-java,com.asistentewhatsapp.catalog.infrastructure,CatalogJdbcRepository,646,6,52,0,96,3,47,1,21,1
backend-java,com.asistentewhatsapp.catalog.infrastructure,CatalogJdbcRepository.QueryParts,9,0,0,0,1,0,1,0,1,0
backend-java,com.asistentewhatsapp.notifications.infrastructure,NotificationJdbcRepository,254,6,12,0,45,3,14,1,8,1
backend-java,com.asistentewhatsapp.notifications.infrastructure,NotificationJdbcRepository.QueryParts,9,0,0,0,1,0,1,0,1,0
backend-java,com.asistentewhatsapp.configuration.application,WhatsAppConfigurationService,572,9,48,0,97,4,50,1,21,1
backend-java,com.asistentewhatsapp.configuration.application,WhatsAppChannelService,668,9,76,0,153,4,79,1,24,1
backend-java,com.asistentewhatsapp.channels.infrastructure,WhatsAppChannelJdbcRepository.ChannelEventLogRecord,18,0,0,0,1,0,1,0,1,0
backend-java,com.asistentewhatsapp.channels.infrastructure,WhatsAppChannelJdbcRepository.CustomerRecord,0,15,0,0,0,1,0,1,0,1
backend-java,com.asistentewhatsapp.channels.infrastructure,WhatsAppChannelJdbcRepository.ChannelAccountRowMapper,0,36,0,0,0,5,0,1,0,1
backend-java,com.asistentewhatsapp.channels.infrastructure,WhatsAppChannelJdbcRepository.ConversationRecord,0,18,0,0,0,1,0,1,0,1
backend-java,com.asistentewhatsapp.channels.infrastructure,WhatsAppChannelJdbcRepository.ChannelAccountRecord,0,27,0,0,0,1,0,1,0,1
backend-java,com.asistentewhatsapp.channels.infrastructure,WhatsAppChannelJdbcRepository,607,504,36,16,70,56,47,21,22,20
backend-java,com.asistentewhatsapp.calendar.application,OAuthStateService.OAuthStateInfo,0,12,0,0,0,1,0,1,0,1
backend-java,com.asistentewhatsapp.calendar.application,OAuthStateService.OAuthStateRow,0,18,0,0,0,1,0,1,0,1
backend-java,com.asistentewhatsapp.calendar.application,CalendarSyncRetryJob,6,15,0,0,2,7,0,3,0,3
backend-java,com.asistentewhatsapp.calendar.application,CalendarIntegrationService,27,463,7,19,7,95,7,21,0,15
backend-java,com.asistentewhatsapp.calendar.application,OAuthStateService,35,210,4,18,6,43,5,13,1,6
backend-java,com.asistentewhatsapp.calendar.application,CalendarSyncService,623,910,69,67,124,204,53,36,1,20
backend-java,com.asistentewhatsapp.locations.infrastructure,BusinessLocationJdbcRepository.BusinessLocationRecord,0,51,0,0,0,1,0,1,0,1
backend-java,com.asistentewhatsapp.locations.infrastructure,BusinessLocationJdbcRepository,376,6,14,0,59,3,25,1,18,1
backend-java,com.asistentewhatsapp.aiagents.application,AiKnowledgeRepository.IntentExpression,24,0,0,0,1,0,1,0,1,0
backend-java,com.asistentewhatsapp.aiagents.application,TextNormalizer,19,18,5,1,4,3,4,1,1,1
backend-java,com.asistentewhatsapp.aiagents.application,BookingAgent,539,1200,79,109,99,184,62,61,6,23
backend-java,com.asistentewhatsapp.aiagents.application,HumanHandoffAgent,2,38,1,3,0,7,1,4,0,3
backend-java,com.asistentewhatsapp.aiagents.application,DetectedEntityService.Resolution,18,0,0,0,1,0,1,0,1,0
backend-java,com.asistentewhatsapp.aiagents.application,DetectedEntityService,211,25,35,0,42,6,26,2,5,2
backend-java,com.asistentewhatsapp.aiagents.application,IntentDetectorService,258,3780,80,218,40,262,69,103,3,20
backend-java,com.asistentewhatsapp.aiagents.application,FollowUpAgent,0,26,0,0,0,4,0,3,0,3
backend-java,com.asistentewhatsapp.aiagents.application,AiReplyOutboxProcessor.AiOutboxStats,0,27,0,2,0,4,0,3,0,2
backend-java,com.asistentewhatsapp.aiagents.application,WhatsAppMessageFormatter.RescheduleCandidate,18,0,0,0,1,0,1,0,1,0
backend-java,com.asistentewhatsapp.aiagents.application,KnowledgeAgent,0,26,0,0,0,4,0,3,0,3
backend-java,com.asistentewhatsapp.aiagents.application,AiKnowledgeRepository.ServiceCatalogItem,0,18,0,0,0,1,0,1,0,1
backend-java,com.asistentewhatsapp.aiagents.application,CanonicalEntityService.CacheEntry,16,0,0,0,2,0,2,0,2,0
backend-java,com.asistentewhatsapp.aiagents.application,TransactionalAgendaBookingService.LocationMatch,9,0,0,0,1,0,1,0,1,0
backend-java,com.asistentewhatsapp.aiagents.application,TransactionalAgendaBookingService,5411,61,677,0,940,21,472,2,128,2
backend-java,com.asistentewhatsapp.aiagents.application,AiAgentProperties,28,85,0,0,10,35,9,14,9,14
backend-java,com.asistentewhatsapp.aiagents.application,SupportAgent.LocationAnswer,0,9,0,0,0,1,0,1,0,1
backend-java,com.asistentewhatsapp.aiagents.application,AiReplyOutboxProcessor,505,113,25,2,105,29,20,4,6,4
backend-java,com.asistentewhatsapp.aiagents.application,IntentExpressionService.CacheEntry,16,0,0,0,2,0,2,0,2,0
backend-java,com.asistentewhatsapp.aiagents.application,PaymentsAgent,16,171,5,17,6,29,5,10,0,4
backend-java,com.asistentewhatsapp.aiagents.application,TransactionalAgendaBookingService.BookingLinkResult,0,9,0,0,0,1,0,1,0,1
backend-java,com.asistentewhatsapp.aiagents.application,AiKnowledgeRepository.ResponseRule,0,12,0,0,0,1,0,1,0,1
backend-java,com.asistentewhatsapp.aiagents.application,AgentCoordinatorService,619,1570,251,219,95,280,178,90,8,24
backend-java,com.asistentewhatsapp.aiagents.application,ConversationSpecCatalog,45,572,24,97,10,94,22,61,0,13
backend-java,com.asistentewhatsapp.aiagents.application,AbstractAgentHandler,3,112,4,10,1,17,4,8,0,5
backend-java,com.asistentewhatsapp.aiagents.application,AgentRegistry,7,71,2,13,2,22,2,12,0,3
backend-java,com.asistentewhatsapp.aiagents.application,WhatsAppMessageFormatter.CancellationCandidate,18,0,0,0,1,0,1,0,1,0
backend-java,com.asistentewhatsapp.aiagents.application,AgentConversationRequest,0,74,0,0,0,5,0,3,0,3
backend-java,com.asistentewhatsapp.aiagents.application,ConversationSpecCatalog.new TypeReference() {...},0,3,0,0,0,1,0,1,0,1
backend-java,com.asistentewhatsapp.aiagents.application,ReceptionAgent,104,161,9,16,6,17,8,12,0,6
backend-java,com.asistentewhatsapp.aiagents.application,ConversationSpecCatalog.IntentPhrase,0,21,0,0,0,1,0,1,0,1
backend-java,com.asistentewhatsapp.aiagents.application,SalesAgent,6,364,6,26,1,52,6,18,0,8
backend-java,com.asistentewhatsapp.aiagents.application,IntentExpressionService,59,18,6,0,13,6,6,2,3,2
backend-java,com.asistentewhatsapp.aiagents.application,AiKnowledgeRepository.EntityAlias,0,15,0,0,0,1,0,1,0,1
backend-java,com.asistentewhatsapp.aiagents.application,MessageAnalysisService,194,167,26,0,37,26,18,2,5,2
backend-java,com.asistentewhatsapp.aiagents.application,CanonicalEntityService.AliasMatch,30,0,0,0,1,0,1,0,1,0
backend-java,com.asistentewhatsapp.aiagents.application,SupportAgent,63,330,11,33,8,44,10,22,0,10
backend-java,com.asistentewhatsapp.aiagents.application,WhatsAppMessageFormatter,568,87,45,5,106,22,43,10,18,10
backend-java,com.asistentewhatsapp.aiagents.application,AgentRoutingResult,0,48,0,0,0,1,0,1,0,1
backend-java,com.asistentewhatsapp.aiagents.application,AiBusinessKnowledgeService.ServiceMatch,0,9,0,0,0,1,0,1,0,1
backend-java,com.asistentewhatsapp.aiagents.application,AiTraceLogger,134,181,26,14,27,24,21,13,3,11
backend-java,com.asistentewhatsapp.aiagents.application,IntentDetectionResult,0,34,0,0,0,3,0,2,0,2
backend-java,com.asistentewhatsapp.aiagents.application,AiBusinessKnowledgeService,143,1309,43,107,32,190,46,91,5,57
backend-java,com.asistentewhatsapp.aiagents.application,EntityExtractionService,440,977,113,125,91,185,89,65,4,27
backend-java,com.asistentewhatsapp.aiagents.application,TransactionalAgendaBookingService.ServiceMatch,9,0,0,0,1,0,1,0,1,0
backend-java,com.asistentewhatsapp.aiagents.application,TransactionalAgendaBookingService.ResolvedLocation,0,9,0,0,0,1,0,1,0,1
backend-java,com.asistentewhatsapp.aiagents.application,CanonicalEntityService,451,40,72,0,90,9,48,2,12,2
backend-java,com.asistentewhatsapp.reports.api,ReportsAppointmentPerformancePoint,21,0,0,0,1,0,1,0,1,0
backend-java,com.asistentewhatsapp.reports.api,ReportsProspectRowResponse,33,0,0,0,1,0,1,0,1,0
backend-java,com.asistentewhatsapp.reports.api,ReportsChannelResponse,12,0,0,0,1,0,1,0,1,0
backend-java,com.asistentewhatsapp.reports.api,ReportsSummaryResponse,24,0,0,0,1,0,1,0,1,0
backend-java,com.asistentewhatsapp.reports.api,ReportsController,14,6,0,0,1,3,1,1,1,1
backend-java,com.asistentewhatsapp.reports.api,ReportsProspectsResponse,15,0,0,0,1,0,1,0,1,0
backend-java,com.asistentewhatsapp.reports.api,ReportsConversationPerformancePoint,18,0,0,0,1,0,1,0,1,0
backend-java,com.asistentewhatsapp.reports.api,ReportsFunnelStageResponse,15,0,0,0,1,0,1,0,1,0
backend-java,com.asistentewhatsapp.reports.api,ReportsAppointmentDistributionPoint,15,0,0,0,1,0,1,0,1,0
backend-java,com.asistentewhatsapp.reports.api,ReportsKpiItem,18,0,0,0,1,0,1,0,1,0
backend-java,com.asistentewhatsapp.channels.application,WhatsAppDeliveryStatusService,118,27,13,0,22,7,14,2,6,2
backend-java,com.asistentewhatsapp.channels.application,ChannelDispatchResponse,0,15,0,0,0,1,0,1,0,1
backend-java,com.asistentewhatsapp.channels.application,WhatsAppInboundMessageService,98,286,29,15,27,60,27,9,0,9
backend-java,com.asistentewhatsapp.channels.application,ChannelDispatchService,13,107,2,8,2,25,3,7,1,4
backend-java,com.asistentewhatsapp.channels.application,WhatsAppChannelBootstrapValidator,10,45,3,3,2,12,3,4,0,4
backend-java,com.asistentewhatsapp.channels.application,WhatsAppChannelProperties.Provider,0,15,0,0,0,2,0,1,0,1
backend-java,com.asistentewhatsapp.channels.application,WhatsAppChannelProperties,0,13,0,0,0,5,0,3,0,3
backend-java,com.asistentewhatsapp.channels.application,ChannelDispatchRequest,0,15,0,0,0,1,0,1,0,1
backend-java,com.asistentewhatsapp.customerbookings.api,CustomerBookingsController,122,6,8,0,16,3,12,1,8,1
backend-java,com.asistentewhatsapp.customerbookings.api,CustomerBookingReschedulePreviewResponse,12,0,0,0,1,0,1,0,1,0
backend-java,com.asistentewhatsapp.customerbookings.api,CustomerBookingRescheduleRequest,24,0,0,0,1,0,1,0,1,0
backend-java,com.asistentewhatsapp.customerbookings.api,CustomerBookingReschedulePreviewResponse.ServiceOption,18,0,0,0,1,0,1,0,1,0
backend-java,com.asistentewhatsapp.customerbookings.api,CustomerBookingReschedulePreviewResponse.LocationOption,15,0,0,0,1,0,1,0,1,0
backend-java,com.asistentewhatsapp.customerbookings.api,CustomerBookingItemResponse,45,0,0,0,1,0,1,0,1,0
backend-java,com.asistentewhatsapp.channels.domain,WhatsAppInboundMessageEvent,0,42,0,0,0,1,0,1,0,1
backend-java,com.asistentewhatsapp.channels.domain,WhatsAppDeliveryStatusEvent,0,27,0,0,0,1,0,1,0,1
backend-java,com.asistentewhatsapp.channels.domain,MessageChannelType,0,9,0,0,0,2,0,1,0,1
backend-java,com.asistentewhatsapp.channels.domain,WhatsAppChannelProvider,0,15,0,0,0,2,0,1,0,1
backend-java,com.asistentewhatsapp.channels.domain,WhatsAppSessionStatus,0,21,0,0,0,1,0,1,0,1
backend-java,com.asistentewhatsapp.channels.domain,CanalWhatsApp,0,2,0,0,0,1,0,1,0,1
backend-java,com.asistentewhatsapp.channels.domain,ChannelDelivery,0,15,0,0,0,1,0,1,0,1
backend-java,com.asistentewhatsapp.channels.domain,OutboundMessage,0,12,0,0,0,1,0,1,0,1
backend-java,com.asistentewhatsapp.channels.domain,WhatsAppChannelEventType,87,0,0,0,2,0,1,0,1,0
backend-java,com.asistentewhatsapp.channels.domain,WhatsAppMessageType,0,75,0,0,0,2,0,1,0,1
backend-java,com.asistentewhatsapp.channels.domain,WhatsAppSessionAction,0,18,0,0,0,1,0,1,0,1
backend-java,com.asistentewhatsapp.channels.domain,WhatsAppDeliveryStatus,0,33,0,0,0,2,0,1,0,1
backend-java,com.asistentewhatsapp.landing.application,PublicLandingService,2803,151,202,6,463,39,161,11,60,8
backend-java,com.asistentewhatsapp.landing.application,PublicCenterService,683,67,26,6,99,13,35,7,22,4
backend-java,com.asistentewhatsapp.landing.application,PublicCenterService.NameParts,9,0,0,0,1,0,1,0,1,0
backend-java,com.asistentewhatsapp.content,ContentItemType,64,0,4,0,10,0,6,0,4,0
backend-java,com.asistentewhatsapp.content,ContentModuleConfiguration,0,13,0,0,0,3,0,3,0,3
backend-java,com.asistentewhatsapp.businessai.api,BusinessAiSettingsResponse,0,54,0,0,0,1,0,1,0,1
backend-java,com.asistentewhatsapp.businessai.api,PromptTemplateResponse,42,0,0,0,1,0,1,0,1,0
backend-java,com.asistentewhatsapp.businessai.api,ActivatePromptRequest,6,0,0,0,1,0,1,0,1,0
backend-java,com.asistentewhatsapp.businessai.api,UpsertBusinessAiSettingsRequest,36,0,0,0,1,0,1,0,1,0
backend-java,com.asistentewhatsapp.businessai.api,BusinessAiSettingsController,36,6,0,0,6,3,5,1,5,1
backend-java,com.asistentewhatsapp.businessai.api,UpsertPromptTemplateRequest,24,0,0,0,1,0,1,0,1,0
backend-java,com.asistentewhatsapp.cloudapi.onboarding,MetaOnboardingService.CompleteOnboardingRequest,15,0,0,0,1,0,1,0,1,0
backend-java,com.asistentewhatsapp.cloudapi.onboarding,MetaGraphApiClient.MetaTokenExchangeResponse,9,0,0,0,1,0,1,0,1,0
backend-java,com.asistentewhatsapp.cloudapi.onboarding,MetaOnboardingRepository.ChannelAccountRecord,0,90,0,0,0,1,0,1,0,1
backend-java,com.asistentewhatsapp.cloudapi.onboarding,MetaGraphApiClient.MetaWabaInfo,9,0,0,0,1,0,1,0,1,0
backend-java,com.asistentewhatsapp.cloudapi.onboarding,MetaOnboardingService.OnboardingStatus,51,0,0,0,1,0,1,0,1,0
backend-java,com.asistentewhatsapp.cloudapi.onboarding,MetaOnboardingRepository.ChannelAccountRowMapper,105,0,0,0,13,0,1,0,1,0
backend-java,com.asistentewhatsapp.cloudapi.onboarding,MetaGraphApiClient,789,24,58,0,132,6,54,2,25,2
backend-java,com.asistentewhatsapp.cloudapi.onboarding,MetaOnboardingController,44,6,0,0,10,3,5,1,5,1
backend-java,com.asistentewhatsapp.cloudapi.onboarding,MetaOnboardingService.OnboardingResult,21,0,0,0,1,0,1,0,1,0
backend-java,com.asistentewhatsapp.cloudapi.onboarding,MetaCloudApiCredentialSeeder,171,0,40,0,45,0,23,0,3,0
backend-java,com.asistentewhatsapp.cloudapi.onboarding,MetaOnboardingService,604,33,54,0,107,10,39,2,12,2
backend-java,com.asistentewhatsapp.cloudapi.onboarding,MetaOnboardingRepository,254,6,12,0,34,3,20,1,14,1
backend-java,com.asistentewhatsapp.cloudapi.onboarding,MetaGraphApiClient.MetaPhoneNumberInfo,15,0,0,0,1,0,1,0,1,0
backend-java,com.asistentewhatsapp.aesthetic.infrastructure,AestheticCenterJdbcRepository.AestheticPromotionSummary,44,0,2,0,4,0,3,0,2,0
backend-java,com.asistentewhatsapp.aesthetic.infrastructure,AestheticCenterJdbcRepository,1898,9,82,0,319,4,98,1,57,1
backend-java,com.asistentewhatsapp.aesthetic.infrastructure,AestheticCenterJdbcRepository.AssignmentIdRecord,9,0,0,0,1,0,1,0,1,0
backend-java,com.asistentewhatsapp.aesthetic.infrastructure,AestheticCenterJdbcRepository.ServiceBranchRecord,30,0,0,0,1,0,1,0,1,0
backend-java,com.asistentewhatsapp.aesthetic.infrastructure,AestheticCenterJdbcRepository.QueryParts,9,0,0,0,1,0,1,0,1,0
backend-java,com.asistentewhatsapp.content.infrastructure,ContentItemJdbcRepository,386,9,24,0,68,4,25,1,13,1
backend-java,com.asistentewhatsapp.content.infrastructure,ContentItemRecord,36,0,0,0,1,0,1,0,1,0
backend-java,com.asistentewhatsapp.content.infrastructure,ContentItemJdbcRepository.OptimisticLockException,4,0,0,0,2,0,1,0,1,0
backend-java,com.asistentewhatsapp.content.infrastructure,ContentItemRowMapper,58,3,4,0,7,1,3,1,1,1
backend-java,com.asistentewhatsapp.agenda.api,AgendaAvailabilityRequest,24,0,0,0,1,0,1,0,1,0
backend-java,com.asistentewhatsapp.agenda.api,AgendaAvailabilityResponse,30,0,0,0,1,0,1,0,1,0
backend-java,com.asistentewhatsapp.agenda.api,SaveBusinessHoursRequest,9,0,0,0,1,0,1,0,1,0
backend-java,com.asistentewhatsapp.agenda.api,CompleteDigitalAgendaController,68,6,0,0,10,3,10,1,10,1
backend-java,com.asistentewhatsapp.agenda.api,AgendaRescheduleRequest,21,0,0,0,1,0,1,0,1,0
backend-java,com.asistentewhatsapp.agenda.api,SaveProfessionalHoursRequest.ProfessionalHourEntry,12,0,0,0,1,0,1,0,1,0
backend-java,com.asistentewhatsapp.agenda.api,CreateTemporaryAgendaBookingRequest,0,63,0,0,0,1,0,1,0,1
backend-java,com.asistentewhatsapp.agenda.api,AgendaSlotResponse,0,42,0,0,0,1,0,1,0,1
backend-java,com.asistentewhatsapp.agenda.api,AgendaCalendarItemResponse,75,0,0,0,1,0,1,0,1,0
backend-java,com.asistentewhatsapp.agenda.api,SaveBusinessHoursRequest.BusinessHourEntry,12,0,0,0,1,0,1,0,1,0
backend-java,com.asistentewhatsapp.agenda.api,AgendaFilterOptionsResponse,12,0,0,0,1,0,1,0,1,0
backend-java,com.asistentewhatsapp.agenda.api,AgendaBlockResponse,27,0,0,0,1,0,1,0,1,0
backend-java,com.asistentewhatsapp.agenda.api,BusinessHoursResponse,12,0,0,0,1,0,1,0,1,0
backend-java,com.asistentewhatsapp.agenda.api,SaveProfessionalHoursRequest,12,0,0,0,1,0,1,0,1,0
backend-java,com.asistentewhatsapp.agenda.api,AgendaCancelRequest,6,0,0,0,1,0,1,0,1,0
backend-java,com.asistentewhatsapp.agenda.api,AgendaCalendarResponse,12,0,0,0,1,0,1,0,1,0
backend-java,com.asistentewhatsapp.agenda.api,AgendaBlockRequest,21,0,0,0,1,0,1,0,1,0
backend-java,com.asistentewhatsapp.agenda.api,AgendaFilterOptionResponse,18,0,0,0,1,0,1,0,1,0
backend-java,com.asistentewhatsapp.administration.api,CompanyController,6,17,0,0,1,5,1,3,1,3
backend-java,com.asistentewhatsapp.administration.api,ProfessionalResponse,54,0,0,0,1,0,1,0,1,0
backend-java,com.asistentewhatsapp.administration.api,WhatsAppChannelRecentEvent,18,0,0,0,1,0,1,0,1,0
backend-java,com.asistentewhatsapp.administration.api,AdminSummaryResponse.CompanySummary,9,0,0,0,1,0,1,0,1,0
backend-java,com.asistentewhatsapp.administration.api,RoomRequest,52,0,6,0,6,0,5,0,2,0
backend-java,com.asistentewhatsapp.administration.api,CompanySettingsRequest,0,24,0,0,0,1,0,1,0,1
backend-java,com.asistentewhatsapp.administration.api,SecurityPolicyResponse,36,0,0,0,1,0,1,0,1,0
backend-java,com.asistentewhatsapp.administration.api,AssignmentResponse,42,0,0,0,1,0,1,0,1,0
backend-java,com.asistentewhatsapp.administration.api,AssignmentRequest,12,0,0,0,1,0,1,0,1,0
backend-java,com.asistentewhatsapp.administration.api,AdminSecurityController,11,6,0,0,2,3,2,1,2,1
backend-java,com.asistentewhatsapp.administration.api,AdminWhatsAppChannelController,21,6,0,0,4,3,4,1,4,1
backend-java,com.asistentewhatsapp.administration.api,AdminSummaryResponse.WhatsAppChannelSummary,6,0,0,0,1,0,1,0,1,0
backend-java,com.asistentewhatsapp.administration.api,SecurityPolicyRequest,21,0,0,0,1,0,1,0,1,0
backend-java,com.asistentewhatsapp.administration.api,AssignmentSummaryResponse,15,0,0,0,1,0,1,0,1,0
backend-java,com.asistentewhatsapp.administration.api,RoomResponse,42,0,0,0,1,0,1,0,1,0
backend-java,com.asistentewhatsapp.administration.api,WhatsAppChannelTestMessageRequest,9,0,0,0,1,0,1,0,1,0
backend-java,com.asistentewhatsapp.administration.api,WhatsAppChannelStatusResponse,36,0,0,0,1,0,1,0,1,0
backend-java,com.asistentewhatsapp.administration.api,AssignmentController,50,6,0,0,8,3,7,1,7,1
backend-java,com.asistentewhatsapp.administration.api,CompanySettingsResponse,0,27,0,0,0,1,0,1,0,1
backend-java,com.asistentewhatsapp.administration.api,AdministrationController,5,6,0,0,1,3,1,1,1,1
backend-java,com.asistentewhatsapp.administration.api,AdminUserRequest,27,0,0,0,1,0,1,0,1,0
backend-java,com.asistentewhatsapp.administration.api,AdminSummaryResponse.SecuritySummary,6,0,0,0,1,0,1,0,1,0
backend-java,com.asistentewhatsapp.administration.api,RoomController,30,6,0,0,4,3,4,1,4,1
backend-java,com.asistentewhatsapp.administration.api,AdminRoleResponse,18,0,0,0,1,0,1,0,1,0
backend-java,com.asistentewhatsapp.administration.api,AdminSummaryResponse,15,0,0,0,1,0,1,0,1,0
backend-java,com.asistentewhatsapp.administration.api,WhatsAppChannelActionResponse,15,0,0,0,1,0,1,0,1,0
backend-java,com.asistentewhatsapp.administration.api,AssignmentGroupResponse,27,0,0,0,1,0,1,0,1,0
backend-java,com.asistentewhatsapp.administration.api,AdminUserController,34,6,0,0,5,3,5,1,5,1
backend-java,com.asistentewhatsapp.administration.api,AssignmentActiveRequest,6,0,0,0,1,0,1,0,1,0
backend-java,com.asistentewhatsapp.administration.api,AdminSummaryResponse.UsersSummary,9,0,0,0,1,0,1,0,1,0
backend-java,com.asistentewhatsapp.administration.api,ProfessionalController,28,6,0,0,4,3,4,1,4,1
backend-java,com.asistentewhatsapp.administration.api,WhatsAppChannelTestMessageResponse,18,0,0,0,1,0,1,0,1,0
backend-java,com.asistentewhatsapp.administration.api,ProfessionalRequest,39,0,0,0,1,0,1,0,1,0
backend-java,com.asistentewhatsapp.administration.api,AdminUserResponse,39,0,0,0,1,0,1,0,1,0
backend-java,com.asistentewhatsapp.catalog.api,UpdateCatalogProductStatusRequest,6,0,0,0,1,0,1,0,1,0
backend-java,com.asistentewhatsapp.catalog.api,UpsertCatalogProductRequest,33,0,0,0,1,0,1,0,1,0
backend-java,com.asistentewhatsapp.catalog.api,UpsertCatalogCategoryRequest,15,0,0,0,1,0,1,0,1,0
backend-java,com.asistentewhatsapp.catalog.api,CatalogController,52,6,0,0,7,3,7,1,7,1
backend-java,com.asistentewhatsapp.catalog.api,CatalogCategoryResponse,18,0,0,0,1,0,1,0,1,0
backend-java,com.asistentewhatsapp.catalog.api,CatalogProductResponse,51,0,0,0,1,0,1,0,1,0
backend-java,com.asistentewhatsapp.agenda.application,SlotTimePeriod,0,29,0,2,0,5,0,4,0,3
backend-java,com.asistentewhatsapp.agenda.application,CompleteDigitalAgendaService,1732,716,158,58,265,123,116,39,27,20
backend-java,com.asistentewhatsapp.security.application,RefreshTokenService,187,75,16,0,36,17,15,5,7,5
backend-java,com.asistentewhatsapp.security.application,RefreshTokenService.RefreshTokenResult,0,9,0,0,0,1,0,1,0,1
backend-java,com.asistentewhatsapp.security.application,AuthService,603,522,39,19,112,108,46,16,18,15
backend-java,com.asistentewhatsapp.security.application,TokenHashService,18,3,0,0,4,1,1,1,1,1
backend-java,com.asistentewhatsapp.security.application,SecurityMapper,40,0,0,0,4,0,2,0,2,0
backend-java,com.asistentewhatsapp.security.application,CurrentUser,79,0,0,0,27,0,16,0,16,0
backend-java,com.asistentewhatsapp.security.application,JwtService,4,140,2,2,0,22,2,4,0,4
backend-java,com.asistentewhatsapp.security.application,SecurityUserMapper,25,44,2,0,3,8,2,3,1,3
backend-java,com.asistentewhatsapp.security.application,AuditService,49,42,2,2,9,9,5,4,3,4
backend-java,com.asistentewhatsapp.security.application,UserProfileService,183,27,8,0,35,10,12,1,8,1
backend-java,com.asistentewhatsapp.security.application,JwtProperties,23,0,0,0,9,0,5,0,5,0
backend-java,com.asistentewhatsapp.security.application,PasswordPolicyService,87,13,18,0,15,4,10,2,1,2
backend-java,com.asistentewhatsapp.security.application,CustomPermissionEvaluator,10,24,4,4,3,5,5,2,1,2
backend-java,com.asistentewhatsapp.security.application,PasswordPolicy,36,3,10,0,7,1,6,1,1,1
backend-java,com.asistentewhatsapp.security.application,AuditService.AuditLogResponse,18,0,0,0,1,0,1,0,1,0
backend-java,com.asistentewhatsapp.security.application,AuditMetadata,7,45,4,8,2,9,4,3,0,1
backend-java,com.asistentewhatsapp.security.application,AuditLogService,8,6,0,0,1,3,1,1,1,1
backend-java,com.asistentewhatsapp.security.application,UserResponse,30,0,0,0,1,0,1,0,1,0
backend-java,com.asistentewhatsapp.security.infrastructure,AuditLogJdbcRepository.new TypeReference() {...},0,3,0,0,0,1,0,1,0,1
backend-java,com.asistentewhatsapp.security.infrastructure,AuditLogJdbcRepository,94,67,9,1,13,10,7,4,2,4
backend-java,com.asistentewhatsapp.security.infrastructure,AuditLogJdbcRepository.AuditLogRowMapper,45,0,0,0,6,0,2,0,2,0
backend-java,com.asistentewhatsapp.security.infrastructure,UserPermissionJdbcRepository,0,18,0,0,0,4,0,2,0,2
backend-java,com.asistentewhatsapp.security.infrastructure,UserRoleJdbcRepository,0,18,0,0,0,4,0,2,0,2
backend-java,com.asistentewhatsapp.security.infrastructure,UserSessionJdbcRepository,253,62,2,0,30,9,11,2,10,2
backend-java,com.asistentewhatsapp.locations.application,BusinessLocationService.NormalizedLocation,30,0,0,0,1,0,1,0,1,0
backend-java,com.asistentewhatsapp.locations.application,BusinessLocationService,440,9,44,0,73,4,34,1,12,1
backend-java,com.asistentewhatsapp.orders.infrastructure,OrderJdbcRepository.CustomerContext,15,0,0,0,1,0,1,0,1,0
backend-java,com.asistentewhatsapp.orders.infrastructure,OrderJdbcRepository,1218,6,54,0,185,3,66,1,39,1
backend-java,com.asistentewhatsapp.orders.infrastructure,OrderJdbcRepository.ProductRecord,18,0,0,0,1,0,1,0,1,0
backend-java,com.asistentewhatsapp.orders.infrastructure,OrderJdbcRepository.OrderSummaryRecord,60,0,0,0,1,0,1,0,1,0
backend-java,com.asistentewhatsapp.orders.infrastructure,OrderJdbcRepository.NameParts,9,0,0,0,1,0,1,0,1,0
backend-java,com.asistentewhatsapp.orders.infrastructure,OrderJdbcRepository.OrderContext,21,0,0,0,1,0,1,0,1,0
backend-java,com.asistentewhatsapp.orders.infrastructure,OrderJdbcRepository.QueryParts,9,0,0,0,1,0,1,0,1,0
backend-java,com.asistentewhatsapp.bookings.application,BookingPaymentProperties,21,134,0,0,7,54,7,24,7,24
backend-java,com.asistentewhatsapp.bookings.application,BookingService.LocationResolution,9,0,0,0,1,0,1,0,1,0
backend-java,com.asistentewhatsapp.bookings.application,BookingEmailService,275,18,28,0,37,7,19,1,5,1
backend-java,com.asistentewhatsapp.bookings.application,BookingReminderProperties.RetryDelay,44,15,5,0,18,5,13,1,9,1
backend-java,com.asistentewhatsapp.bookings.application,BookingConfirmationService.new TransactionCallbackWithoutResult() {...},0,77,0,0,0,11,0,2,0,2
backend-java,com.asistentewhatsapp.bookings.application,BookingService.DateRange,9,0,0,0,1,0,1,0,1,0
backend-java,com.asistentewhatsapp.bookings.application,AvailabilityService,151,73,10,2,28,12,8,5,3,4
backend-java,com.asistentewhatsapp.bookings.application,SincronizadorReservaLocal,2,102,2,4,0,18,2,4,0,3
backend-java,com.asistentewhatsapp.bookings.application,BookingPaymentService,2451,949,300,81,406,159,220,30,29,25
backend-java,com.asistentewhatsapp.bookings.application,AppointmentReminderEmailDTO,94,0,0,0,40,0,27,0,27,0
backend-java,com.asistentewhatsapp.bookings.application,ReminderSchedulingService,0,155,0,10,0,34,0,13,0,8
backend-java,com.asistentewhatsapp.bookings.application,BookingReminderProperties,54,41,0,0,24,13,15,4,15,4
backend-java,com.asistentewhatsapp.bookings.application,BookingReminderService.PermanentFailureException,4,0,0,0,2,0,1,0,1,0
backend-java,com.asistentewhatsapp.bookings.application,BookingValidationService.ValidationContext,87,0,2,0,32,0,21,0,20,0
backend-java,com.asistentewhatsapp.bookings.application,BookingService,1574,305,116,14,236,56,88,14,21,11
backend-java,com.asistentewhatsapp.bookings.application,BookingConfirmationNotificationsService,627,34,76,0,113,12,50,2,12,2
backend-java,com.asistentewhatsapp.bookings.application,BookingPaymentService.MessageDigestSupport,14,0,4,0,4,0,3,0,1,0
backend-java,com.asistentewhatsapp.bookings.application,BookingPhoneObfuscator,7,111,1,13,2,22,1,10,0,4
backend-java,com.asistentewhatsapp.bookings.application,BookingPaymentProperties.MercadoPagoProperties,13,20,0,0,5,8,4,3,4,3
backend-java,com.asistentewhatsapp.bookings.application,BookingReminderService,587,81,55,3,120,25,44,4,15,4
backend-java,com.asistentewhatsapp.bookings.application,BookingStateMachine,116,268,67,75,12,51,50,37,0,7
backend-java,com.asistentewhatsapp.bookings.application,SincronizadorReservaCompuesto,0,52,0,0,0,9,0,3,0,3
backend-java,com.asistentewhatsapp.bookings.application,BookingFactRepository,80,63,0,0,12,8,1,4,1,4
backend-java,com.asistentewhatsapp.bookings.application,BookingFactRepository.BookingFact,51,0,0,0,1,0,1,0,1,0
backend-java,com.asistentewhatsapp.bookings.application,SincronizadorReservaEventos,10,163,5,7,2,22,5,6,0,5
backend-java,com.asistentewhatsapp.bookings.application,BookingConfirmationService,2092,408,182,20,340,77,128,20,30,17
backend-java,com.asistentewhatsapp.bookings.application,BookingPublicActionService,2102,555,162,30,346,91,128,24,34,19
backend-java,com.asistentewhatsapp.bookings.application,BookingConfirmationProperties,81,33,8,0,13,13,8,6,4,6
backend-java,com.asistentewhatsapp.bookings.application,BookingValidationService.CreateBookingCustomerData,12,0,0,0,1,0,1,0,1,0
backend-java,com.asistentewhatsapp.bookings.application,BookingReceiptService.ReceiptSummary,21,0,0,0,1,0,1,0,1,0
backend-java,com.asistentewhatsapp.bookings.application,BookingPaymentProviderRegistry,24,38,6,2,4,8,7,1,3,1
backend-java,com.asistentewhatsapp.bookings.application,BookingSyncProperties,19,64,0,0,9,24,5,12,5,12
backend-java,com.asistentewhatsapp.bookings.application,BookingValidationService,696,22,102,0,156,8,65,2,14,2
backend-java,com.asistentewhatsapp.bookings.application,BookingService.NameParts,9,0,0,0,1,0,1,0,1,0
backend-java,com.asistentewhatsapp.bookings.application,BookingReceiptService,215,6,4,0,37,3,6,1,4,1
backend-java,com.asistentewhatsapp.bookings.application,BookingSyncEventProcessor,0,224,1,7,0,40,1,9,0,6
backend-java,com.asistentewhatsapp.bookings.application,BookingPaymentService.IntegratePaymentResult,0,12,0,0,0,1,0,1,0,1
backend-java,com.asistentewhatsapp.bookings.application,BookingValidationService.ValidateBookingRequest,45,0,2,0,6,0,3,0,2,0
backend-java,com.asistentewhatsapp.bookings.application,BookingPolicyService,3,250,4,26,3,60,4,19,0,8
backend-java,com.asistentewhatsapp.aesthetic.infrastructure.openai,OpenAiIntentClient,469,53,51,1,88,12,34,1,8,1
backend-java,com.asistentewhatsapp.aesthetic.infrastructure.openai,OpenAiIntentProperties,16,48,6,6,1,5,6,6,1,5
backend-java,com.asistentewhatsapp.aesthetic.infrastructure.openai,OpenAiIntentConfiguration,0,3,0,0,0,1,0,1,0,1
backend-java,com.asistentewhatsapp.dashboard.application,DashboardService,200,6,6,0,41,3,7,1,4,1
backend-java,com.asistentewhatsapp.dashboard.application,DashboardService.DashboardRange,9,0,0,0,1,0,1,0,1,0
backend-java,com.asistentewhatsapp.channels.infrastructure.simulated,WhatsAppChannelSimulatorController,63,159,19,11,10,34,16,4,1,4
backend-java,com.asistentewhatsapp.channels.infrastructure.simulated,SimulatedWhatsAppProvider,97,14,2,0,19,4,7,3,6,3
backend-java,com.asistentewhatsapp.channels.infrastructure.simulated,SimulatedWhatsAppProvider.SimulatedDelivery,18,0,0,0,1,0,1,0,1,0
backend-java,com.asistentewhatsapp.channels.infrastructure.simulated,WhatsAppChannelSimulatorController.SimulatedIncomingMessageRequest,0,21,0,0,0,1,0,1,0,1
backend-java,com.asistentewhatsapp.administration.application,RoomService,54,6,4,0,8,3,7,1,5,1
backend-java,com.asistentewhatsapp.administration.application,AdminUserService,233,12,16,0,48,5,17,1,9,1
backend-java,com.asistentewhatsapp.administration.application,CompanyService,128,9,4,0,26,4,8,1,6,1
backend-java,com.asistentewhatsapp.administration.application,AdminAccessGuard,55,0,16,0,10,0,12,0,4,0
backend-java,com.asistentewhatsapp.administration.application,AdminSummaryService,8,6,0,0,2,3,1,1,1,1
backend-java,com.asistentewhatsapp.administration.application,AdminSecurityService,46,9,0,0,11,4,2,1,2,1
backend-java,com.asistentewhatsapp.administration.application,WhatsAppChannelAdministrationService,608,15,38,0,116,6,37,1,18,1
backend-java,com.asistentewhatsapp.administration.application,ProfessionalService,56,6,4,0,10,3,8,1,6,1
backend-java,com.asistentewhatsapp.administration.application,AssignmentService,71,6,0,0,12,3,7,1,7,1
backend-java,com.asistentewhatsapp.shared.observability,LogSanitizer,32,395,19,37,9,66,19,23,0,14
backend-java,com.asistentewhatsapp.shared.observability,CorrelationIdFilter,19,44,8,4,4,12,5,6,0,5
backend-java,com.asistentewhatsapp.shared.observability,TraceProperties,15,38,0,0,5,16,5,6,5,6
backend-java,com.asistentewhatsapp.shared.observability,AppLoggingProperties,3,16,0,0,1,7,1,3,1,3
backend-java,com.asistentewhatsapp.shared.observability,TraceSanitizer,471,135,82,0,95,4,53,2,12,2
backend-java,com.asistentewhatsapp.shared.observability,MethodTraceAspect,498,0,26,0,68,0,20,0,6,0
backend-java,com.asistentewhatsapp.shared.observability,BusinessMetrics,24,434,2,2,6,119,4,39,2,39
backend-java,com.asistentewhatsapp.content.application,LocalFileStorageService,337,57,42,0,78,8,32,1,11,1
backend-java,com.asistentewhatsapp.content.application,ContentItemService,797,12,84,0,123,5,58,1,16,1
backend-java,com.asistentewhatsapp.content.application,FileStorageService,33,0,4,0,6,0,3,0,1,0
backend-java,com.asistentewhatsapp.orders.application,OrderService,713,18,50,0,106,5,49,2,24,2
backend-java,com.asistentewhatsapp.shared.observability.health,ScheduledTaskRunRegistry.TaskRun,0,9,0,0,0,1,0,1,0,1
backend-java,com.asistentewhatsapp.shared.observability.health,OutboxGaugeUpdater,0,58,0,0,0,14,0,2,0,2
backend-java,com.asistentewhatsapp.shared.observability.health,AiProviderStatusRegistry,0,56,0,0,0,15,0,7,0,7
backend-java,com.asistentewhatsapp.shared.observability.health,AiProviderHealthIndicator,6,73,4,14,0,17,3,8,0,2
backend-java,com.asistentewhatsapp.shared.observability.health,ScheduledTaskMetricsAspect,123,0,8,0,33,0,8,0,4,0
backend-java,com.asistentewhatsapp.shared.observability.health,ScheduledTaskRunRegistry,0,62,0,6,0,11,0,9,0,6
backend-java,com.asistentewhatsapp.shared.observability.health,WhatsAppProviderHealthIndicator,0,33,0,4,0,7,0,4,0,2
backend-java,com.asistentewhatsapp.shared.observability.health,OutboxHealthIndicator,0,74,0,4,0,16,0,4,0,2
backend-java,com.asistentewhatsapp.shared.observability.health,FlywayHealthIndicator,0,71,0,2,0,20,0,4,0,3
backend-java,com.asistentewhatsapp.shared.observability.health,ScheduledTasksHealthIndicator,0,68,0,6,0,13,0,8,0,5
backend-java,com.asistentewhatsapp.multisite.api,UpsertProfessionalScheduleRequest,21,0,0,0,1,0,1,0,1,0
backend-java,com.asistentewhatsapp.multisite.api,MultisiteProfessionalResponse,18,0,0,0,1,0,1,0,1,0
backend-java,com.asistentewhatsapp.multisite.api,UpsertCatalogAvailabilityRequest,27,0,0,0,1,0,1,0,1,0
backend-java,com.asistentewhatsapp.multisite.api,MultisiteController,57,6,0,0,10,3,10,1,10,1
backend-java,com.asistentewhatsapp.multisite.api,UpsertUserLocationAccessRequest,30,0,0,0,1,0,1,0,1,0
backend-java,com.asistentewhatsapp.multisite.api,MultisiteLocationSummaryResponse,33,0,0,0,1,0,1,0,1,0
backend-java,com.asistentewhatsapp.multisite.api,ProfessionalLocationAssignmentResponse,12,0,0,0,1,0,1,0,1,0
backend-java,com.asistentewhatsapp.multisite.api,ProfessionalScheduleResponse,30,0,0,0,1,0,1,0,1,0
backend-java,com.asistentewhatsapp.multisite.api,MultisiteCatalogAvailabilityResponse,42,0,0,0,1,0,1,0,1,0
backend-java,com.asistentewhatsapp.multisite.api,UpdateChannelLocationRequest,9,0,0,0,1,0,1,0,1,0
backend-java,com.asistentewhatsapp.multisite.api,UserLocationAccessResponse,39,0,0,0,1,0,1,0,1,0
backend-java,com.asistentewhatsapp.multisite.api,MultisiteChannelResponse,30,0,0,0,1,0,1,0,1,0
backend-java,com.asistentewhatsapp.calendar.provider,CalendarProvider.RevokeResult,0,9,0,0,0,1,0,1,0,1
backend-java,com.asistentewhatsapp.calendar.provider,CalendarProvider.UserInfoResult,0,15,0,0,0,1,0,1,0,1
backend-java,com.asistentewhatsapp.calendar.provider,CalendarProvider.TokenExchangeResult,0,18,0,0,0,1,0,1,0,1
backend-java,com.asistentewhatsapp.calendar.provider,OutlookCalendarProvider,115,9,4,0,25,3,14,3,12,3
backend-java,com.asistentewhatsapp.calendar.provider,CalendarProvider.CalendarListEntry,0,15,0,0,0,1,0,1,0,1
backend-java,com.asistentewhatsapp.calendar.provider,CalendarProvider.RefreshResult,0,9,0,0,0,1,0,1,0,1
backend-java,com.asistentewhatsapp.calendar.provider,GoogleCalendarProvider,201,604,52,50,40,126,44,25,0,18
backend-java,com.asistentewhatsapp.aesthetic.api,AestheticCategoryResponse,21,0,0,0,1,0,1,0,1,0
backend-java,com.asistentewhatsapp.aesthetic.api,UpsertAestheticProductRequest,45,0,0,0,1,0,1,0,1,0
backend-java,com.asistentewhatsapp.aesthetic.api,AestheticBusinessRuleResponse,33,0,0,0,1,0,1,0,1,0
backend-java,com.asistentewhatsapp.aesthetic.api,IntentEntitiesResponse,10,21,0,0,1,1,1,1,1,1
backend-java,com.asistentewhatsapp.aesthetic.api,UpsertAestheticBusinessRuleRequest,24,0,0,0,1,0,1,0,1,0
backend-java,com.asistentewhatsapp.aesthetic.api,AestheticIntentLogResponse,36,0,0,0,1,0,1,0,1,0
backend-java,com.asistentewhatsapp.aesthetic.api,AestheticServiceResponse,0,69,0,0,0,1,0,1,0,1
backend-java,com.asistentewhatsapp.aesthetic.api,AestheticProductResponse,60,0,0,0,1,0,1,0,1,0
backend-java,com.asistentewhatsapp.aesthetic.api,IntentAnalysisResponse,0,27,0,0,0,1,0,1,0,1
backend-java,com.asistentewhatsapp.aesthetic.api,IntentAnalysisRequest,0,12,0,0,0,1,0,1,0,1
backend-java,com.asistentewhatsapp.aesthetic.api,UpsertAestheticServiceRequest,57,0,0,0,1,0,1,0,1,0
backend-java,com.asistentewhatsapp.aesthetic.api,AestheticCenterController,100,22,0,0,14,5,14,3,14,3
backend-java,com.asistentewhatsapp.bookings.domain,BookingPaymentProvider.CreateCheckoutResult,21,0,0,0,1,0,1,0,1,0
backend-java,com.asistentewhatsapp.bookings.domain,BookingSyncEventRecord.EventType,50,0,4,0,6,0,4,0,2,0
backend-java,com.asistentewhatsapp.bookings.domain,PolicySnapshot,0,45,0,0,0,1,0,1,0,1
backend-java,com.asistentewhatsapp.bookings.domain,BookingPaymentProvider.PaymentNotification,45,0,0,0,1,0,1,0,1,0
backend-java,com.asistentewhatsapp.bookings.domain,BookingPolicyRecord,0,27,0,0,0,1,0,1,0,1
backend-java,com.asistentewhatsapp.bookings.domain,BookingPaymentProvider.RefundResult,9,0,0,0,1,0,1,0,1,0
backend-java,com.asistentewhatsapp.bookings.domain,BookingSyncEventRecord,0,54,0,0,0,1,0,1,0,1
backend-java,com.asistentewhatsapp.bookings.domain,BookingSyncEventRecord.Status,62,0,4,0,6,0,4,0,2,0
backend-java,com.asistentewhatsapp.landing.api,LandingLocationItemResponse,42,0,0,0,1,0,1,0,1,0
backend-java,com.asistentewhatsapp.landing.api,PublicLandingController,109,10,0,0,16,4,9,2,9,2
backend-java,com.asistentewhatsapp.landing.api,PublicCenterResponse.Testimonial,12,0,0,0,1,0,1,0,1,0
backend-java,com.asistentewhatsapp.landing.api,LandingPageResponse.LandingCompanyResponse,24,0,0,0,1,0,1,0,1,0
backend-java,com.asistentewhatsapp.landing.api,LandingPageResponse,12,0,0,0,1,0,1,0,1,0
backend-java,com.asistentewhatsapp.landing.api,PublicCenterResponse.CompanyInfo,21,0,0,0,1,0,1,0,1,0
backend-java,com.asistentewhatsapp.landing.api,PublicCenterResponse.ServiceItem,24,0,0,0,1,0,1,0,1,0
backend-java,com.asistentewhatsapp.landing.api,LandingServiceItemResponse,33,0,0,0,1,0,1,0,1,0
backend-java,com.asistentewhatsapp.landing.api,PublicCategoryResponse,24,0,0,0,1,0,1,0,1,0
backend-java,com.asistentewhatsapp.landing.api,PublicCenterResponse.WhatsAppInfo,15,0,0,0,1,0,1,0,1,0
backend-java,com.asistentewhatsapp.landing.api,WhatsAppEntryResponse,21,0,0,0,1,0,1,0,1,0
backend-java,com.asistentewhatsapp.landing.api,PublicContactRequest,9,0,0,0,1,0,1,0,1,0
backend-java,com.asistentewhatsapp.landing.api,PublicCenterResponse.LocationItem,24,0,0,0,1,0,1,0,1,0
backend-java,com.asistentewhatsapp.landing.api,PublicCustomerInfoResponse,18,0,0,0,1,0,1,0,1,0
backend-java,com.asistentewhatsapp.landing.api,PublicCenterResponse.PageConfig,42,0,0,0,1,0,1,0,1,0
backend-java,com.asistentewhatsapp.landing.api,PublicCenterResponse,21,0,0,0,1,0,1,0,1,0
backend-java,com.asistentewhatsapp.landing.api,PublicCenterResponse.PromotionItem,24,0,0,0,1,0,1,0,1,0
backend-java,com.asistentewhatsapp.landing.api,PublicCenterController,59,6,4,0,11,3,5,1,3,1
backend-java,com.asistentewhatsapp.landing.api,CreatePublicBookingRequest,42,0,0,0,1,0,1,0,1,0
backend-java,com.asistentewhatsapp.landing.api,PublicCenterResponse.Benefit,12,0,0,0,1,0,1,0,1,0
backend-java,com.asistentewhatsapp.landing.api,PublicServiceBranchResponse,36,0,0,0,1,0,1,0,1,0
backend-java,com.asistentewhatsapp.landing.api,PublicServiceDetailResponse,57,0,0,0,1,0,1,0,1,0
backend-java,com.asistentewhatsapp.configuration.infrastructure,WhatsAppConfigurationJdbcRepository.PreferencesRecord,18,0,0,0,1,0,1,0,1,0
backend-java,com.asistentewhatsapp.configuration.infrastructure,WhatsAppConfigurationJdbcRepository.SessionEventRecord,15,0,0,0,1,0,1,0,1,0
backend-java,com.asistentewhatsapp.configuration.infrastructure,WhatsAppConfigurationJdbcRepository.SessionEventRowMapper,18,0,0,0,2,0,1,0,1,0
backend-java,com.asistentewhatsapp.configuration.infrastructure,WhatsAppConfigurationJdbcRepository.BusinessRecord,12,0,0,0,1,0,1,0,1,0
backend-java,com.asistentewhatsapp.configuration.infrastructure,WhatsAppChannelJdbcRepository,135,6,2,0,15,3,8,1,7,1
backend-java,com.asistentewhatsapp.configuration.infrastructure,WhatsAppConfigurationJdbcRepository.ChannelAccountDetailRowMapper,52,0,0,0,8,0,1,0,1,0
backend-java,com.asistentewhatsapp.configuration.infrastructure,WhatsAppChannelJdbcRepository.ChannelRecord,100,0,0,0,3,0,3,0,3,0
backend-java,com.asistentewhatsapp.configuration.infrastructure,WhatsAppConfigurationJdbcRepository,112,6,0,0,12,3,5,1,5,1
backend-java,com.asistentewhatsapp.configuration.infrastructure,WhatsAppConfigurationJdbcRepository.PreferencesRowMapper,21,0,0,0,3,0,1,0,1,0
backend-java,com.asistentewhatsapp.configuration.infrastructure,WhatsAppConfigurationJdbcRepository.BusinessRowMapper,15,0,0,0,2,0,1,0,1,0
backend-java,com.asistentewhatsapp.configuration.infrastructure,WhatsAppChannelJdbcRepository.EventRowMapper,18,0,0,0,2,0,1,0,1,0
backend-java,com.asistentewhatsapp.configuration.infrastructure,WhatsAppConfigurationJdbcRepository.ChannelAccountDetailRecord,39,0,0,0,1,0,1,0,1,0
backend-java,com.asistentewhatsapp.configuration.infrastructure,WhatsAppChannelJdbcRepository.ChannelRowMapper,121,0,0,0,16,0,1,0,1,0
backend-java,com.asistentewhatsapp.configuration.infrastructure,WhatsAppChannelJdbcRepository.EventRecord,15,0,0,0,1,0,1,0,1,0
backend-java,com.asistentewhatsapp.agenda.infrastructure,CompleteAgendaJdbcRepository.ProfessionalRecord,0,9,0,0,0,1,0,1,0,1
backend-java,com.asistentewhatsapp.agenda.infrastructure,CompleteAgendaJdbcRepository.CustomerRecord,15,0,0,0,1,0,1,0,1,0
backend-java,com.asistentewhatsapp.agenda.infrastructure,CompleteAgendaJdbcRepository.LocationRecord,0,12,0,0,0,1,0,1,0,1
backend-java,com.asistentewhatsapp.agenda.infrastructure,CompleteAgendaJdbcRepository,4548,1503,280,86,728,234,275,45,103,34
backend-java,com.asistentewhatsapp.agenda.infrastructure,CompleteAgendaJdbcRepository.ExpiredBookingRecord,12,0,0,0,1,0,1,0,1,0
backend-java,com.asistentewhatsapp.agenda.infrastructure,CompleteAgendaJdbcRepository.TimeWindowRecord,0,9,0,0,0,1,0,1,0,1
backend-java,com.asistentewhatsapp.agenda.infrastructure,CompleteAgendaJdbcRepository.DueReminderRecord,54,0,0,0,1,0,1,0,1,0
backend-java,com.asistentewhatsapp.agenda.infrastructure,CompleteAgendaJdbcRepository.BusinessHoursRecord,12,0,0,0,1,0,1,0,1,0
backend-java,com.asistentewhatsapp.agenda.infrastructure,CompleteAgendaJdbcRepository.RoomRecord,0,18,0,0,0,3,0,2,0,2
backend-java,com.asistentewhatsapp.agenda.infrastructure,CompleteAgendaJdbcRepository.BookingOperationIdempotencyRecord,0,18,0,0,0,1,0,1,0,1
backend-java,com.asistentewhatsapp.agenda.infrastructure,CompleteAgendaJdbcRepository.ServiceRecord,0,54,0,0,0,3,0,2,0,2
backend-java,com.asistentewhatsapp.calendar.api,BookingSyncStatusResponse,33,0,0,0,1,0,1,0,1,0
backend-java,com.asistentewhatsapp.calendar.api,CalendarStatusResponse,33,0,0,0,1,0,1,0,1,0
backend-java,com.asistentewhatsapp.calendar.api,CalendarIntegrationController,53,150,0,2,9,34,1,11,1,10
backend-java,com.asistentewhatsapp.calendar.api,CalendarAccountResponse,23,74,7,7,6,12,7,3,0,3
backend-java,com.asistentewhatsapp.administration.infrastructure,RoomJdbcRepository,509,12,40,0,95,4,27,1,7,1
backend-java,com.asistentewhatsapp.administration.infrastructure,AdministrationJdbcRepository.QueryParts,9,0,0,0,1,0,1,0,1,0
backend-java,com.asistentewhatsapp.administration.infrastructure,AssignmentJdbcRepository,776,12,48,0,141,4,43,1,18,1
backend-java,com.asistentewhatsapp.administration.infrastructure,AssignmentJdbcRepository.ServiceRef,12,0,0,0,1,0,1,0,1,0
backend-java,com.asistentewhatsapp.administration.infrastructure,AdministrationJdbcRepository.CompanySummaryProjection,9,0,0,0,1,0,1,0,1,0
backend-java,com.asistentewhatsapp.administration.infrastructure,ProfessionalJdbcRepository,736,12,52,0,133,4,37,1,11,1
backend-java,com.asistentewhatsapp.administration.infrastructure,AdministrationJdbcRepository.CompanySummaryRowMapper,12,0,0,0,2,0,1,0,1,0
backend-java,com.asistentewhatsapp.administration.infrastructure,AdministrationJdbcRepository,662,12,30,0,114,4,32,1,17,1
backend-java,com.asistentewhatsapp.shared.persistence,BusinessScopedEntity,0,10,0,0,0,4,0,3,0,3
backend-java,com.asistentewhatsapp.shared.persistence,AuditableEntity,23,7,0,0,10,3,5,2,5,2
backend-java,com.asistentewhatsapp.notifications.application,NotificationService,94,6,10,0,20,3,10,1,5,1
backend-java,com.asistentewhatsapp.security.domain,UserAccount,68,0,0,0,22,0,17,0,17,0
backend-java,com.asistentewhatsapp.security.domain,UserAccountEntity,28,44,0,0,11,18,7,13,7,13
backend-java,com.asistentewhatsapp.security.domain,PasswordResetToken,55,0,4,0,18,0,12,0,10,0
backend-java,com.asistentewhatsapp.security.domain,SecurityPolicyEntity,18,6,0,0,6,2,6,2,6,2
backend-java,com.asistentewhatsapp.security.domain,Business,15,0,0,0,5,0,5,0,5,0
backend-java,com.asistentewhatsapp.security.domain,UserAccountStatus,0,21,0,0,0,2,0,1,0,1
backend-java,com.asistentewhatsapp.security.domain,PasswordResetTokenEntity,25,30,4,0,6,10,7,4,5,4
backend-java,com.asistentewhatsapp.security.domain,AuthenticatedUser,51,63,13,3,8,4,11,5,3,5
backend-java,com.asistentewhatsapp.security.domain,UserSessionEntity,76,57,4,0,32,20,19,10,17,10
backend-java,com.asistentewhatsapp.security.domain,AuditLog,27,33,0,0,10,12,9,2,9,2
backend-java,com.asistentewhatsapp.security.domain,Role,15,0,0,0,5,0,5,0,5,0
backend-java,com.asistentewhatsapp.security.domain,BusinessEntity,55,6,0,0,23,2,16,2,16,2
backend-java,com.asistentewhatsapp.aiagents.infrastructure,AiReplyOutboxJdbcRepository.AiReplyOutboxJob,45,0,0,0,1,0,1,0,1,0
backend-java,com.asistentewhatsapp.aiagents.infrastructure,AiAgentJdbcRepository.ConversationContextSnapshot,0,18,0,0,0,1,0,1,0,1
backend-java,com.asistentewhatsapp.aiagents.infrastructure,JdbcAiKnowledgeRepository,144,14,0,0,21,5,9,2,9,2
backend-java,com.asistentewhatsapp.aiagents.infrastructure,CanonicalEntityJdbcRepository,198,6,10,0,23,3,12,1,7,1
backend-java,com.asistentewhatsapp.aiagents.infrastructure,AiReplyOutboxJdbcRepository,309,29,6,0,34,5,11,2,8,2
backend-java,com.asistentewhatsapp.aiagents.infrastructure,AiAgentJdbcRepository,681,9,78,0,97,4,57,1,18,1
backend-java,com.asistentewhatsapp.aiagents.infrastructure,JdbcAiKnowledgeRepository.new TypeReference() {...},0,3,0,0,0,1,0,1,0,1
backend-java,com.asistentewhatsapp.aiagents.infrastructure,CanonicalEntityJdbcRepository.DetectedEntityRecord,33,0,0,0,1,0,1,0,1,0
backend-java,com.asistentewhatsapp.aiagents.infrastructure,CanonicalEntityJdbcRepository.CanonicalEntityRecord,24,0,0,0,1,0,1,0,1,0
backend-java,com.asistentewhatsapp.aiagents.infrastructure,AiAgentJdbcRepository.DetectedIntentRecord,24,0,0,0,1,0,1,0,1,0
backend-java,com.asistentewhatsapp.aiagents.infrastructure,AiReplyOutboxJdbcRepository.InboundAiReplyJob,36,0,0,0,1,0,1,0,1,0
backend-java,com.asistentewhatsapp.aiagents.infrastructure,AiAgentJdbcRepository.MessageAnalysisRecord,36,0,0,0,1,0,1,0,1,0
backend-java,com.asistentewhatsapp.aiagents.infrastructure,CanonicalEntityJdbcRepository.CanonicalAliasRecord,30,0,0,0,1,0,1,0,1,0
backend-java,com.asistentewhatsapp.aesthetic.application,AestheticCenterService.BusinessSnapshot,211,0,0,0,28,0,6,0,6,0
backend-java,com.asistentewhatsapp.aesthetic.application,AestheticCenterService.LocationMatch,9,0,0,0,1,0,1,0,1,0
backend-java,com.asistentewhatsapp.aesthetic.application,AestheticCenterService,3166,423,449,0,556,22,322,2,92,2
backend-java,com.asistentewhatsapp.conversations.application,ConversationService.PendingDispatch,0,41,0,0,0,3,0,3,0,3
backend-java,com.asistentewhatsapp.conversations.application,ConversationService.NameParts,9,0,0,0,1,0,1,0,1,0
backend-java,com.asistentewhatsapp.conversations.application,ConversationService.DispatchOutcome,7,73,5,4,3,8,5,4,0,4
backend-java,com.asistentewhatsapp.conversations.application,TemplateVariableRenderer,35,7,2,0,9,2,2,2,1,2
backend-java,com.asistentewhatsapp.conversations.application,ConversationService,2071,436,291,33,290,95,201,20,44,15
backend-java,com.asistentewhatsapp.conversations.application,ResponseTemplateService,113,6,6,0,18,3,8,1,5,1
backend-java,com.asistentewhatsapp.bookings.infrastructure,BookingConfirmationJdbcRepository.ConfirmationBookingRecord,69,0,0,0,1,0,1,0,1,0
backend-java,com.asistentewhatsapp.bookings.infrastructure,BookingActionLinkJdbcRepository.ActionBookingRecord,0,63,0,0,0,1,0,1,0,1
backend-java,com.asistentewhatsapp.bookings.infrastructure,BookingPaymentJdbcRepository,1180,27,60,0,198,7,65,3,35,3
backend-java,com.asistentewhatsapp.bookings.infrastructure,BookingJdbcRepository.CustomerRecord,21,0,0,0,1,0,1,0,1,0
backend-java,com.asistentewhatsapp.bookings.infrastructure,BookingPaymentJdbcRepository.PublicBookingPaymentDetailRecord,78,0,0,0,1,0,1,0,1,0
backend-java,com.asistentewhatsapp.bookings.infrastructure,MercadoPagoPaymentProvider,949,0,115,0,165,0,70,0,11,0
backend-java,com.asistentewhatsapp.bookings.infrastructure,BookingPaymentJdbcRepository.BookingPaymentNotificationRecord,45,0,0,0,1,0,1,0,1,0
backend-java,com.asistentewhatsapp.bookings.infrastructure,BookingPaymentJdbcRepository.BookingPaymentBookingRecord,0,21,0,0,0,1,0,1,0,1
backend-java,com.asistentewhatsapp.bookings.infrastructure,BusinessPolicyJdbcRepository,103,261,11,7,17,44,13,17,6,15
backend-java,com.asistentewhatsapp.bookings.infrastructure,BookingJdbcRepository.LeadContextRecord,27,0,0,0,1,0,1,0,1,0
backend-java,com.asistentewhatsapp.bookings.infrastructure,BookingConfirmationJdbcRepository.ConfirmationLinkRecord,0,90,0,0,0,1,0,1,0,1
backend-java,com.asistentewhatsapp.bookings.infrastructure,BookingActionLinkJdbcRepository.RescheduleLinkRecord,0,90,0,0,0,1,0,1,0,1
backend-java,com.asistentewhatsapp.bookings.infrastructure,BookingJdbcRepository,1254,19,38,0,211,4,60,2,38,2
backend-java,com.asistentewhatsapp.bookings.infrastructure,BookingSyncConfiguration,0,21,0,0,0,4,0,4,0,4
backend-java,com.asistentewhatsapp.bookings.infrastructure,BookingPaymentJdbcRepository.BookingPaymentRecord,0,63,0,0,0,1,0,1,0,1
backend-java,com.asistentewhatsapp.bookings.infrastructure,BookingJdbcRepository.QueryParts,9,0,0,0,1,0,1,0,1,0
backend-java,com.asistentewhatsapp.bookings.infrastructure,BookingActionLinkJdbcRepository.CancellationLinkRecord,0,60,0,0,0,1,0,1,0,1
backend-java,com.asistentewhatsapp.bookings.infrastructure,BookingSyncEventJdbcRepository,208,24,6,0,24,5,9,2,6,2
backend-java,com.asistentewhatsapp.bookings.infrastructure,BookingJdbcRepository.ConversationContextRecord,33,0,0,0,1,0,1,0,1,0
backend-java,com.asistentewhatsapp.bookings.infrastructure,BookingConfirmationJdbcRepository,480,83,13,2,88,18,27,6,18,6
backend-java,com.asistentewhatsapp.bookings.infrastructure,SimulatedPaymentProvider,98,5,8,0,18,2,8,2,4,2
backend-java,com.asistentewhatsapp.bookings.infrastructure,BookingSyncJdbcRepository,193,6,0,0,16,3,5,1,5,1
backend-java,com.asistentewhatsapp.bookings.infrastructure,BookingActionLinkJdbcRepository,621,6,12,0,105,3,29,1,23,1
backend-java,com.asistentewhatsapp.channels,ChannelDispatchController,0,23,0,0,0,6,0,2,0,2
backend-java,com.asistentewhatsapp.configuration.api,WhatsAppConfigurationPreferencesRequest,15,0,0,0,1,0,1,0,1,0
backend-java,com.asistentewhatsapp.configuration.api,WhatsAppConfigurationController,21,6,0,0,4,3,4,1,4,1
backend-java,com.asistentewhatsapp.configuration.api,WhatsAppConfigurationResponse,45,0,0,0,1,0,1,0,1,0
backend-java,com.asistentewhatsapp.configuration.api,WhatsAppConfigurationSessionHistoryResponse,18,0,0,0,1,0,1,0,1,0
backend-java,com.asistentewhatsapp.configuration.api,WhatsAppChannelController,32,6,0,0,6,3,6,1,6,1
backend-java,com.asistentewhatsapp.configuration.api,WhatsAppChannelResponse.ChannelEventItem,24,0,0,0,1,0,1,0,1,0
backend-java,com.asistentewhatsapp.configuration.api,WhatsAppChannelValidateResponse,15,0,0,0,1,0,1,0,1,0
backend-java,com.asistentewhatsapp.configuration.api,WhatsAppChannelResponse,69,0,0,0,1,0,1,0,1,0
backend-java,com.asistentewhatsapp.configuration.api,WhatsAppChannelTestMessageRequest,9,0,0,0,1,0,1,0,1,0
backend-java,com.asistentewhatsapp.configuration.api,WhatsAppConfigurationChannelResponse,18,0,0,0,1,0,1,0,1,0
backend-java,com.asistentewhatsapp.configuration.api,WhatsAppConfigurationLinkedDeviceResponse,24,0,0,0,1,0,1,0,1,0
backend-java,com.asistentewhatsapp.configuration.api,WhatsAppConfigurationPreferencesResponse,15,0,0,0,1,0,1,0,1,0
backend-java,com.asistentewhatsapp.configuration.api,WhatsAppChannelResponse.MetaCloudConfig,33,0,0,0,1,0,1,0,1,0
backend-java,com.asistentewhatsapp.configuration.api,WhatsAppChannelTestMessageResponse,18,0,0,0,1,0,1,0,1,0
backend-java,com.asistentewhatsapp.configuration.api,WhatsAppChannelUpdateRequest,21,0,0,0,1,0,1,0,1,0
backend-java,com.asistentewhatsapp.security,SecurityPublicPaths,0,156,0,0,0,3,0,3,0,3
backend-java,com.asistentewhatsapp.security,JwtAuthenticationFilter,28,95,8,12,7,26,7,6,0,3
backend-java,com.asistentewhatsapp.security,JwtAccessDeniedHandler,0,29,0,0,0,10,0,2,0,2
backend-java,com.asistentewhatsapp.security,RateLimitingFilter,32,98,10,20,8,27,9,10,0,4
backend-java,com.asistentewhatsapp.security,AppSecurityProperties,4,24,0,0,2,7,1,4,1,4
backend-java,com.asistentewhatsapp.security,JwtProperties,4,36,0,0,2,14,1,8,1,8
backend-java,com.asistentewhatsapp.security,RateLimitingService.LimitType,0,46,0,0,0,7,0,2,0,2
backend-java,com.asistentewhatsapp.security,JwtAuthenticationEntryPoint,0,29,0,0,0,10,0,2,0,2
backend-java,com.asistentewhatsapp.security,SecretsStartupValidator,216,65,19,7,19,9,13,5,1,4
backend-java,com.asistentewhatsapp.security,RateLimitingService,51,71,6,4,9,13,7,5,3,4
backend-java,com.asistentewhatsapp.security,PublicEndpointCsrfFilter,31,50,13,7,7,10,8,5,0,3
backend-java,com.asistentewhatsapp.security,RateLimitingService.RateLimitEntry,0,9,0,0,0,1,0,1,0,1
backend-java,com.asistentewhatsapp.security,SecurityHeadersFilter,0,24,0,0,0,7,0,2,0,2
backend-java,com.asistentewhatsapp.security,SecurityStartupValidator,9,59,9,11,1,12,7,6,0,3
backend-java,com.asistentewhatsapp.security,SecurityConfig,0,612,0,0,0,74,0,16,0,16
backend-java,com.asistentewhatsapp.security,MethodSecurityConfig,0,12,0,0,0,4,0,2,0,2
backend-java,com.asistentewhatsapp.content.api,PublicContentItemController,58,12,4,0,11,5,8,1,6,1
backend-java,com.asistentewhatsapp.content.api,ContentItemListRequest,15,0,0,0,1,0,1,0,1,0
backend-java,com.asistentewhatsapp.content.api,AdminContentItemController,63,6,0,0,11,3,8,1,8,1
backend-java,com.asistentewhatsapp.leads.infrastructure,LeadJdbcRepository.ConversationLeadContextRecord,27,0,0,0,1,0,1,0,1,0
backend-java,com.asistentewhatsapp.leads.infrastructure,LeadJdbcRepository.CustomerRecord,21,0,0,0,1,0,1,0,1,0
backend-java,com.asistentewhatsapp.leads.infrastructure,LeadJdbcRepository.LeadDetailRow,51,0,0,0,1,0,1,0,1,0
backend-java,com.asistentewhatsapp.leads.infrastructure,LeadJdbcRepository.QueryParts,9,0,0,0,1,0,1,0,1,0
backend-java,com.asistentewhatsapp.leads.infrastructure,LeadJdbcRepository.LeadContextRecord,15,0,0,0,1,0,1,0,1,0
backend-java,com.asistentewhatsapp.leads.infrastructure,LeadJdbcRepository,911,6,32,0,151,3,50,1,34,1
backend-java,com.asistentewhatsapp.reports.application,ReportsService,293,6,6,0,40,3,7,1,4,1
backend-java,com.asistentewhatsapp.reports.application,ReportsService.ReportRange,9,0,0,0,1,0,1,0,1,0
backend-java,com.asistentewhatsapp.customerbookings.infrastructure,CustomerBookingTokenJdbcRepository,52,6,0,0,10,3,3,1,3,1
backend-java,com.asistentewhatsapp.customerbookings.infrastructure,CustomerBookingTokenJdbcRepository.TokenRecord,9,0,0,0,1,0,1,0,1,0
backend-java,com.asistentewhatsapp.orders.api,OrderSummaryResponse,57,0,0,0,1,0,1,0,1,0
backend-java,com.asistentewhatsapp.orders.api,OrderController,71,6,0,0,10,3,10,1,10,1
backend-java,com.asistentewhatsapp.orders.api,SendOrderSummaryResponse,15,0,0,0,1,0,1,0,1,0
backend-java,com.asistentewhatsapp.orders.api,OrderDetailResponse,69,0,0,0,1,0,1,0,1,0
backend-java,com.asistentewhatsapp.orders.api,CreateOrderRequest,36,0,0,0,1,0,1,0,1,0
backend-java,com.asistentewhatsapp.orders.api,RegisterPaymentRequest,18,0,0,0,1,0,1,0,1,0
backend-java,com.asistentewhatsapp.orders.api,UpdateOrderRequest,18,0,0,0,1,0,1,0,1,0
backend-java,com.asistentewhatsapp.orders.api,OrderItemResponse,24,0,0,0,1,0,1,0,1,0
backend-java,com.asistentewhatsapp.orders.api,CreateOrderItemRequest,9,0,0,0,1,0,1,0,1,0
backend-java,com.asistentewhatsapp.orders.api,OrderPaymentResponse,21,0,0,0,1,0,1,0,1,0
backend-java,com.asistentewhatsapp.orders.api,UpdateOrderStatusRequest,6,0,0,0,1,0,1,0,1,0
backend-java,com.asistentewhatsapp.shared.api,PagedResponse,0,18,0,0,0,1,0,1,0,1
backend-java,com.asistentewhatsapp.shared.api,ObservabilityClientErrorsController,34,241,14,32,4,42,14,19,0,10
backend-java,com.asistentewhatsapp.shared.api,HealthController,0,10,0,0,0,2,0,2,0,2
backend-java,com.asistentewhatsapp.shared.api,ObservabilityClientErrorsController.BucketEntry,0,9,0,0,0,1,0,1,0,1
backend-java,com.asistentewhatsapp.shared.api,StatusResponse,0,6,0,0,0,1,0,1,0,1
backend-java,com.asistentewhatsapp.shared.api,ObservabilityClientErrorsController.ClientErrorReport,0,18,0,0,0,1,0,1,0,1
backend-java,com.asistentewhatsapp.shared.api,HealthController.HealthResponse,0,12,0,0,0,1,0,1,0,1
backend-java,com.asistentewhatsapp.shared.api,SystemController.SystemStatusResponse,36,0,0,0,1,0,1,0,1,0
backend-java,com.asistentewhatsapp.shared.api,SystemController,50,27,4,0,9,10,4,1,2,1
backend-java,com.asistentewhatsapp.shared.api,ApiErrorResponse,0,24,0,0,0,1,0,1,0,1
backend-java,com.asistentewhatsapp.shared.infrastructure,SlackNotifier,70,20,5,1,11,7,4,3,1,3
backend-java,com.asistentewhatsapp.businessai.infrastructure,BusinessAiSettingsJdbcRepository,494,9,10,0,84,4,20,1,15,1
backend-java,com.asistentewhatsapp.conversations.api,ResponseTemplateController,26,6,0,0,4,3,4,1,4,1
backend-java,com.asistentewhatsapp.conversations.api,ResponseTemplateResponse,24,0,0,0,1,0,1,0,1,0
backend-java,com.asistentewhatsapp.conversations.api,CreateResponseTemplateRequest,15,0,0,0,1,0,1,0,1,0
backend-java,com.asistentewhatsapp.conversations.api,SendConversationMessageRequest,0,15,0,0,0,1,0,1,0,1
backend-java,com.asistentewhatsapp.conversations.api,UpdateTemplateStatusRequest,6,0,0,0,1,0,1,0,1,0
backend-java,com.asistentewhatsapp.conversations.api,ConversationMessageResponse,0,39,0,0,0,1,0,1,0,1
backend-java,com.asistentewhatsapp.conversations.api,ConversationMetricsResponse,15,0,0,0,1,0,1,0,1,0
backend-java,com.asistentewhatsapp.conversations.api,ConversationSummaryResponse,42,0,0,0,1,0,1,0,1,0
backend-java,com.asistentewhatsapp.conversations.api,ConversationCustomerResponse,21,0,0,0,1,0,1,0,1,0
backend-java,com.asistentewhatsapp.conversations.api,CreateConversationRequest,21,0,0,0,1,0,1,0,1,0
backend-java,com.asistentewhatsapp.conversations.api,ConversationController,65,6,0,0,10,3,10,1,10,1
backend-java,com.asistentewhatsapp.conversations.api,UpdateResponseTemplateRequest,12,0,0,0,1,0,1,0,1,0
backend-java,com.asistentewhatsapp.conversations.api,ConversationAiReplyResponse,12,0,0,0,1,0,1,0,1,0
backend-java,com.asistentewhatsapp.conversations.api,ConversationDetailResponse,48,0,0,0,1,0,1,0,1,0
backend-java,com.asistentewhatsapp.conversations.api,AssignConversationRequest,6,0,0,0,1,0,1,0,1,0
backend-java,com.asistentewhatsapp.aiagents.api,AiAdminController.AiPreviewRequest,27,0,0,0,1,0,1,0,1,0
backend-java,com.asistentewhatsapp.aiagents.api,AiAdminController.AiPreviewResponse,12,0,0,0,1,0,1,0,1,0
backend-java,com.asistentewhatsapp.aiagents.api,AiAdminController,72,9,6,0,14,4,5,1,2,1
backend-java,com.asistentewhatsapp.locations.api,BusinessLocationController,37,6,0,0,6,3,6,1,6,1
backend-java,com.asistentewhatsapp.locations.api,BusinessLocationResponse,39,0,0,0,1,0,1,0,1,0
backend-java,com.asistentewhatsapp.locations.api,UpsertBusinessLocationRequest,30,0,0,0,1,0,1,0,1,0
backend-java,com.asistentewhatsapp.channels.infrastructure.whatsappcloud,WhatsAppCloudWebhookPayload.Message.ButtonReply,0,9,0,0,0,1,0,1,0,1
backend-java,com.asistentewhatsapp.channels.infrastructure.whatsappcloud,WhatsAppCloudWebhookPayload.Message.Contacts,6,0,0,0,1,0,1,0,1,0
backend-java,com.asistentewhatsapp.channels.infrastructure.whatsappcloud,WhatsAppCloudWebhookPayload.Message.Audio,15,0,0,0,1,0,1,0,1,0
backend-java,com.asistentewhatsapp.channels.infrastructure.whatsappcloud,WhatsAppCloudWebhookPayload.Message.Location,15,0,0,0,1,0,1,0,1,0
backend-java,com.asistentewhatsapp.channels.infrastructure.whatsappcloud,WhatsAppCloudWebhookPayload,0,9,0,0,0,1,0,1,0,1
backend-java,com.asistentewhatsapp.channels.infrastructure.whatsappcloud,WhatsAppCloudWebhookValidator,11,155,4,22,4,34,4,14,0,5
backend-java,com.asistentewhatsapp.channels.infrastructure.whatsappcloud,WhatsAppCloudWebhookPayload.Message.Document,18,0,0,0,1,0,1,0,1,0
backend-java,com.asistentewhatsapp.channels.infrastructure.whatsappcloud,WhatsAppCloudApiAdapter,637,443,76,30,122,89,55,22,5,17
backend-java,com.asistentewhatsapp.channels.infrastructure.whatsappcloud,WhatsAppCloudWebhookPayload.ErrorInfo,0,21,0,0,0,1,0,1,0,1
backend-java,com.asistentewhatsapp.channels.infrastructure.whatsappcloud,WhatsAppCloudWebhookPayload.Message.NameEntry,12,0,0,0,1,0,1,0,1,0
backend-java,com.asistentewhatsapp.channels.infrastructure.whatsappcloud,WhatsAppCloudApiProperties,0,54,0,0,0,1,0,1,0,1
backend-java,com.asistentewhatsapp.channels.infrastructure.whatsappcloud,WhatsAppCloudWebhookPayload.Origin,0,6,0,0,0,1,0,1,0,1
backend-java,com.asistentewhatsapp.channels.infrastructure.whatsappcloud,WhatsAppCloudWebhookPayload.Message,0,48,0,0,0,1,0,1,0,1
backend-java,com.asistentewhatsapp.channels.infrastructure.whatsappcloud,WhatsAppCloudWebhookPayload.Status,0,24,0,0,0,1,0,1,0,1
backend-java,com.asistentewhatsapp.channels.infrastructure.whatsappcloud,WhatsAppCloudWebhookPayload.Message.Button,9,0,0,0,1,0,1,0,1,0
backend-java,com.asistentewhatsapp.channels.infrastructure.whatsappcloud,WhatsAppCloudWebhookPayload.Message.Interactive,0,12,0,0,0,1,0,1,0,1
backend-java,com.asistentewhatsapp.channels.infrastructure.whatsappcloud,WhatsAppCloudWebhookPayload.Pricing,0,12,0,0,0,1,0,1,0,1
backend-java,com.asistentewhatsapp.channels.infrastructure.whatsappcloud,WhatsAppCloudApiMetrics,185,0,2,0,53,0,16,0,15,0
backend-java,com.asistentewhatsapp.channels.infrastructure.whatsappcloud,WhatsAppCloudWebhookPayload.Message.ContactItem,9,0,0,0,1,0,1,0,1,0
backend-java,com.asistentewhatsapp.channels.infrastructure.whatsappcloud,WhatsAppCloudWebhookPayload.Contact,0,9,0,0,0,1,0,1,0,1
backend-java,com.asistentewhatsapp.channels.infrastructure.whatsappcloud,WhatsAppCloudWebhookPayload.Message.PhoneEntry,12,0,0,0,1,0,1,0,1,0
backend-java,com.asistentewhatsapp.channels.infrastructure.whatsappcloud,WhatsAppCloudWebhookPayload.Message.Sticker,15,0,0,0,1,0,1,0,1,0
backend-java,com.asistentewhatsapp.channels.infrastructure.whatsappcloud,WhatsAppCloudWebhookPayload.Conversation,0,12,0,0,0,1,0,1,0,1
backend-java,com.asistentewhatsapp.channels.infrastructure.whatsappcloud,WhatsAppCloudWebhookPayload.Metadata,0,9,0,0,0,1,0,1,0,1
backend-java,com.asistentewhatsapp.channels.infrastructure.whatsappcloud,WhatsAppCloudWebhookPayload.Profile,0,6,0,0,0,1,0,1,0,1
backend-java,com.asistentewhatsapp.channels.infrastructure.whatsappcloud,WhatsAppCloudWebhookPayload.Value,0,18,0,0,0,1,0,1,0,1
backend-java,com.asistentewhatsapp.channels.infrastructure.whatsappcloud,WhatsAppCloudApiAdapter.TemplateParameter,12,0,0,0,1,0,1,0,1,0
backend-java,com.asistentewhatsapp.channels.infrastructure.whatsappcloud,WhatsAppCloudApiConfiguration,3,0,0,0,1,0,1,0,1,0
backend-java,com.asistentewhatsapp.channels.infrastructure.whatsappcloud,WhatsAppCloudWebhookPayload.Change,0,9,0,0,0,1,0,1,0,1
backend-java,com.asistentewhatsapp.channels.infrastructure.whatsappcloud,WhatsAppCloudWebhookPayload.Message.ListReply,12,0,0,0,1,0,1,0,1,0
backend-java,com.asistentewhatsapp.channels.infrastructure.whatsappcloud,WhatsAppCloudApiAdapter.ChannelCredentials,0,9,0,0,0,1,0,1,0,1
backend-java,com.asistentewhatsapp.channels.infrastructure.whatsappcloud,WhatsAppCloudWebhookParser,377,671,83,70,80,149,63,36,0,16
backend-java,com.asistentewhatsapp.channels.infrastructure.whatsappcloud,WhatsAppCloudWebhookController,36,117,4,6,8,32,3,5,0,3
backend-java,com.asistentewhatsapp.channels.infrastructure.whatsappcloud,WhatsAppCloudWebhookPayload.Message.Image,0,15,0,0,0,1,0,1,0,1
backend-java,com.asistentewhatsapp.channels.infrastructure.whatsappcloud,WhatsAppCloudApiAdapter.CloudApiSendMessageResponse,6,0,0,0,1,0,1,0,1,0
backend-java,com.asistentewhatsapp.channels.infrastructure.whatsappcloud,WhatsAppCloudWebhookPayload.Message.Text,0,6,0,0,0,1,0,1,0,1
backend-java,com.asistentewhatsapp.channels.infrastructure.whatsappcloud,WhatsAppCloudApiAdapter.CloudApiMessage,6,0,0,0,1,0,1,0,1,0
backend-java,com.asistentewhatsapp.channels.infrastructure.whatsappcloud,WhatsAppCloudWebhookPayload.Message.Video,15,0,0,0,1,0,1,0,1,0
backend-java,com.asistentewhatsapp.channels.infrastructure.whatsappcloud,WhatsAppCloudApiAdapter.TemplateComponent,9,0,0,0,1,0,1,0,1,0
backend-java,com.asistentewhatsapp.channels.infrastructure.whatsappcloud,WhatsAppCloudWebhookPayload.Entry,0,9,0,0,0,1,0,1,0,1
backend-java,com.asistentewhatsapp.channels.infrastructure.whatsappcloud,WhatsAppCloudWebhookPayload.Message.Context,15,0,0,0,1,0,1,0,1,0
backend-java,com.asistentewhatsapp.channels.infrastructure.whatsappcloud,WhatsAppCloudWebhookValidator.MessageDigest,2,40,3,9,1,7,3,4,0,1
backend-java,com.asistentewhatsapp.bookings.api,PublicBookingCancellationRequest,0,6,0,0,0,1,0,1,0,1
backend-java,com.asistentewhatsapp.bookings.api,BookingPublicActionLinkResponse,27,0,0,0,1,0,1,0,1,0
backend-java,com.asistentewhatsapp.bookings.api,BookingPublicActionLinkController,14,6,0,0,2,3,2,1,2,1
backend-java,com.asistentewhatsapp.bookings.api,BookingStatusHistoryResponse,24,0,0,0,1,0,1,0,1,0
backend-java,com.asistentewhatsapp.bookings.api,PublicBookingConfirmationRescheduleRequest,15,0,0,0,1,0,1,0,1,0
backend-java,com.asistentewhatsapp.bookings.api,CancelBookingRequest,0,6,0,0,0,1,0,1,0,1
backend-java,com.asistentewhatsapp.bookings.api,CreateBookingPaymentLinkRequest,0,24,0,0,0,1,0,1,0,1
backend-java,com.asistentewhatsapp.bookings.api,PublicBookingRescheduleResponse,0,69,0,0,0,1,0,1,0,1
backend-java,com.asistentewhatsapp.bookings.api,PublicBookingRescheduleResponse.LocationOption,15,0,0,0,1,0,1,0,1,0
backend-java,com.asistentewhatsapp.bookings.api,CreateBookingConfirmationLinkRequest,9,0,0,0,1,0,1,0,1,0
backend-java,com.asistentewhatsapp.bookings.api,CreateBookingRequest,0,45,0,0,0,1,0,1,0,1
backend-java,com.asistentewhatsapp.bookings.api,BookingPaymentResponse,0,51,0,0,0,1,0,1,0,1
backend-java,com.asistentewhatsapp.bookings.api,PublicBookingPaymentController,25,6,2,0,4,3,4,1,3,1
backend-java,com.asistentewhatsapp.bookings.api,PublicBookingRescheduleResponse.ServiceOption,18,0,0,0,1,0,1,0,1,0
backend-java,com.asistentewhatsapp.bookings.api,PublicBookingConfirmationResponse,0,63,0,0,0,1,0,1,0,1
backend-java,com.asistentewhatsapp.bookings.api,RegisterBookingManualPaymentRequest,0,30,0,0,0,1,0,1,0,1
backend-java,com.asistentewhatsapp.bookings.api,BookingPaymentWebhookResponse,0,21,0,0,0,1,0,1,0,1
backend-java,com.asistentewhatsapp.bookings.api,BookingDetailResponse,0,96,0,0,0,1,0,1,0,1
backend-java,com.asistentewhatsapp.bookings.api,BookingPaymentWebhookRequest,0,33,0,0,0,1,0,1,0,1
backend-java,com.asistentewhatsapp.bookings.api,PublicBookingCancellationResponse,0,48,0,0,0,1,0,1,0,1
backend-java,com.asistentewhatsapp.bookings.api,PublicBookingRescheduleRequest,27,0,0,0,1,0,1,0,1,0
backend-java,com.asistentewhatsapp.bookings.api,PublicBookingCancellationController,17,6,0,0,3,3,3,1,3,1
backend-java,com.asistentewhatsapp.bookings.api,PublicBookingConfirmationController,34,6,0,0,6,3,6,1,6,1
backend-java,com.asistentewhatsapp.bookings.api,CreateBookingFromConversationRequest,30,0,0,0,1,0,1,0,1,0
backend-java,com.asistentewhatsapp.bookings.api,BookingController,83,9,4,0,13,4,12,1,10,1
backend-java,com.asistentewhatsapp.bookings.api,RescheduleBookingRequest,0,18,0,0,0,1,0,1,0,1
backend-java,com.asistentewhatsapp.bookings.api,BookingSummaryResponse,60,0,0,0,1,0,1,0,1,0
backend-java,com.asistentewhatsapp.bookings.api,PublicBookingRescheduleController,41,6,0,0,7,3,7,1,7,1
backend-java,com.asistentewhatsapp.bookings.api,BookingEmailLogResponse,30,0,0,0,1,0,1,0,1,0
backend-java,com.asistentewhatsapp.bookings.api,PublicBookingWebRedirectController,49,32,2,2,9,8,7,2,5,2
backend-java,com.asistentewhatsapp.bookings.api,CreateBookingCancellationLinkRequest,15,0,0,0,1,0,1,0,1,0
backend-java,com.asistentewhatsapp.bookings.api,UpdateBookingRequest,27,0,0,0,1,0,1,0,1,0
backend-java,com.asistentewhatsapp.bookings.api,LeadBookingController,7,6,0,0,1,3,1,1,1,1
backend-java,com.asistentewhatsapp.bookings.api,BookingPaymentWebhookController,65,9,16,0,15,4,10,1,2,1
backend-java,com.asistentewhatsapp.bookings.api,BookingConfirmationController,7,6,0,0,1,3,1,1,1,1
backend-java,com.asistentewhatsapp.bookings.api,BookingReminderResponse,27,0,0,0,1,0,1,0,1,0
backend-java,com.asistentewhatsapp.bookings.api,BookingPublicLinkSummaryResponse,24,0,0,0,1,0,1,0,1,0
backend-java,com.asistentewhatsapp.bookings.api,PublicBookingPaymentDetailResponse,78,0,0,0,1,0,1,0,1,0
backend-java,com.asistentewhatsapp.bookings.api,CreateBookingFromLeadRequest,27,0,0,0,1,0,1,0,1,0
backend-java,com.asistentewhatsapp.bookings.api,ConversationBookingController,7,6,0,0,1,3,1,1,1,1
backend-java,com.asistentewhatsapp.bookings.api,BookingConfirmationLinkResponse,21,0,0,0,1,0,1,0,1,0
backend-java,com.asistentewhatsapp.bookings.api,RefundBookingPaymentRequest,6,0,0,0,1,0,1,0,1,0
backend-java,com.asistentewhatsapp.bookings.api,CreateBookingRescheduleLinkRequest,30,0,0,0,1,0,1,0,1,0
backend-java,com.asistentewhatsapp.leads.api,CreateLeadRequest,24,0,0,0,1,0,1,0,1,0
backend-java,com.asistentewhatsapp.leads.api,UpdateLeadStageRequest,6,0,0,0,1,0,1,0,1,0
backend-java,com.asistentewhatsapp.leads.api,LeadDetailResponse,54,0,0,0,1,0,1,0,1,0
backend-java,com.asistentewhatsapp.leads.api,AddLeadNoteRequest,6,0,0,0,1,0,1,0,1,0
backend-java,com.asistentewhatsapp.leads.api,UpdateLeadRequest,24,0,0,0,1,0,1,0,1,0
backend-java,com.asistentewhatsapp.leads.api,LeadSummaryResponse,45,0,0,0,1,0,1,0,1,0
backend-java,com.asistentewhatsapp.leads.api,LeadController,66,6,8,0,11,3,10,1,6,1
backend-java,com.asistentewhatsapp.leads.api,ConversationLeadController,7,6,0,0,1,3,1,1,1,1
backend-java,com.asistentewhatsapp.leads.api,LeadNoteResponse,21,0,0,0,1,0,1,0,1,0
backend-java,com.asistentewhatsapp.leads.api,CreateLeadFromConversationRequest,24,0,0,0,1,0,1,0,1,0
backend-java,com.asistentewhatsapp.multisite.infrastructure,MultisiteJdbcRepository.MultisiteProfessionalBuilder,56,0,2,0,12,0,4,0,3,0
backend-java,com.asistentewhatsapp.multisite.infrastructure,MultisiteJdbcRepository,813,23,72,0,120,6,56,2,20,2
backend-java,com.asistentewhatsapp.multisite.infrastructure,MultisiteJdbcRepository.ProfessionalFlatRow,24,0,0,0,1,0,1,0,1,0
backend-java,com.asistentewhatsapp.aiagents.domain,AgentType,0,70,0,0,0,7,0,3,0,3
backend-java,com.asistentewhatsapp.aiagents.domain,AgentIntent,0,159,0,0,0,2,0,1,0,1
