<testsuites id="" name="" tests="8" failures="0" skipped="0" errors="0" time="9.164226999999999">
<testsuite name="00-local-maturity.spec.ts" timestamp="2026-07-24T20:58:41.491Z" hostname="local-maturity" tests="8" failures="0" skipped="0" time="6.223" errors="0">
<testcase name="LOCAL MATURITY — Validacion del entorno local › Frontend carga en localhost:5173" classname="00-local-maturity.spec.ts" time="1.745">
</testcase>
<testcase name="LOCAL MATURITY — Validacion del entorno local › Login page con formulario" classname="00-local-maturity.spec.ts" time="2.215">
</testcase>
<testcase name="LOCAL MATURITY — Validacion del entorno local › API Backend › Health endpoint UP" classname="00-local-maturity.spec.ts" time="0.027">
</testcase>
<testcase name="LOCAL MATURITY — Validacion del entorno local › API Backend › Login con credenciales demo" classname="00-local-maturity.spec.ts" time="0.219">
</testcase>
<testcase name="LOCAL MATURITY — Validacion del entorno local › API Backend › Company endpoint autenticado" classname="00-local-maturity.spec.ts" time="0.064">
</testcase>
<testcase name="LOCAL MATURITY — Validacion del entorno local › API Backend › WhatsApp Web status endpoint responde" classname="00-local-maturity.spec.ts" time="0.062">
</testcase>
<testcase name="LOCAL MATURITY — Validacion del entorno local › API Backend › Conversaciones lista autenticada" classname="00-local-maturity.spec.ts" time="0.024">
</testcase>
<testcase name="LOCAL MATURITY — Validacion del entorno local › WhatsApp Public URL › Pagina publica de centros carga con contenido" classname="00-local-maturity.spec.ts" time="1.867">
</testcase>
</testsuite>
</testsuites>