<testsuites id="" name="" tests="78" failures="0" skipped="30" errors="0" time="143.68612">
<testsuite name="09-filtros-agenda.spec.ts" timestamp="2026-07-07T01:04:46.458Z" hostname="all-chromium" tests="10" failures="0" skipped="0" time="46.807" errors="0">
<testcase name="NIVEL 4 — Filtros de agenda › QA-04-001: Select Servicio muestra opciones del filtro" classname="09-filtros-agenda.spec.ts" time="7.037">
</testcase>
<testcase name="NIVEL 4 — Filtros de agenda › QA-04-002: Select Profesional muestra opciones del filtro" classname="09-filtros-agenda.spec.ts" time="3.547">
</testcase>
<testcase name="NIVEL 4 — Filtros de agenda › QA-04-003: Select Cabina muestra opciones del filtro" classname="09-filtros-agenda.spec.ts" time="3.585">
</testcase>
<testcase name="NIVEL 4 — Filtros de agenda › QA-04-004: Select Sucursal muestra sucursales" classname="09-filtros-agenda.spec.ts" time="3.6">
</testcase>
<testcase name="NIVEL 4 — Filtros de agenda › QA-04-005: Select Estado muestra opciones" classname="09-filtros-agenda.spec.ts" time="3.816">
</testcase>
<testcase name="NIVEL 4 — Filtros de agenda › QA-04-006: Seleccionar servicio cambia las reservas mostradas" classname="09-filtros-agenda.spec.ts" time="4.81">
</testcase>
<testcase name="NIVEL 4 — Filtros de agenda › QA-04-007: Filtro combinado profesional y estado" classname="09-filtros-agenda.spec.ts" time="5.105">
</testcase>
<testcase name="NIVEL 4 — Filtros de agenda › QA-04-008: Filtro de fecha cambia la semana visible" classname="09-filtros-agenda.spec.ts" time="5.484">
</testcase>
<testcase name="NIVEL 4 — Filtros de agenda › QA-04-009: Boton Actualizar refetches calendario" classname="09-filtros-agenda.spec.ts" time="4.795">
</testcase>
<testcase name="NIVEL 4 — Filtros de agenda › QA-04-010: Reset de filtros muestra vista por defecto" classname="09-filtros-agenda.spec.ts" time="5.028">
</testcase>
</testsuite>
<testsuite name="10-disponibilidad-horaria.spec.ts" timestamp="2026-07-07T01:04:46.458Z" hostname="all-chromium" tests="10" failures="0" skipped="0" time="51.605" errors="0">
<testcase name="NIVEL 5 — Disponibilidad horaria › QA-05-001: Seccion disponibilidad real visible en la pagina" classname="10-disponibilidad-horaria.spec.ts" time="7.365">
</testcase>
<testcase name="NIVEL 5 — Disponibilidad horaria › QA-05-002: Boton buscar horarios deshabilitado sin sucursal y servicio" classname="10-disponibilidad-horaria.spec.ts" time="4.028">
</testcase>
<testcase name="NIVEL 5 — Disponibilidad horaria › QA-05-003: Seleccionar sucursal y servicio habilita boton de busqueda" classname="10-disponibilidad-horaria.spec.ts" time="4.364">
</testcase>
<testcase name="NIVEL 5 — Disponibilidad horaria › QA-05-004: Busqueda retorna slots de disponibilidad" classname="10-disponibilidad-horaria.spec.ts" time="5.389">
</testcase>
<testcase name="NIVEL 5 — Disponibilidad horaria › QA-05-005: Slots disponibles muestran etiqueta Disponible" classname="10-disponibilidad-horaria.spec.ts" time="5.033">
</testcase>
<testcase name="NIVEL 5 — Disponibilidad horaria › QA-05-006: Slots no disponibles muestran etiqueta Bloqueado" classname="10-disponibilidad-horaria.spec.ts" time="5.404">
</testcase>
<testcase name="NIVEL 5 — Disponibilidad horaria › QA-05-007: Filtro profesional opcional en disponibilidad" classname="10-disponibilidad-horaria.spec.ts" time="5.349">
</testcase>
<testcase name="NIVEL 5 — Disponibilidad horaria › QA-05-008: Filtro cabina opcional en disponibilidad" classname="10-disponibilidad-horaria.spec.ts" time="4.171">
</testcase>
<testcase name="NIVEL 5 — Disponibilidad horaria › QA-05-009: Sin disponibilidad muestra mensaje informativo" classname="10-disponibilidad-horaria.spec.ts" time="5.174">
</testcase>
<testcase name="NIVEL 5 — Disponibilidad horaria › QA-05-010: Cambio de fecha afecta resultados de disponibilidad" classname="10-disponibilidad-horaria.spec.ts" time="5.328">
</testcase>
</testsuite>
<testsuite name="11-reservas-interfaz.spec.ts" timestamp="2026-07-07T01:04:46.458Z" hostname="all-chromium" tests="11" failures="0" skipped="0" time="63.752" errors="0">
<testcase name="NIVEL 6 — Reservas desde interfaz › QA-06-001: Seccion datos del cliente WhatsApp es visible" classname="11-reservas-interfaz.spec.ts" time="5.227">
</testcase>
<testcase name="NIVEL 6 — Reservas desde interfaz › QA-06-002: Nombre de cliente requerido para crear reserva" classname="11-reservas-interfaz.spec.ts" time="5.174">
</testcase>
<testcase name="NIVEL 6 — Reservas desde interfaz › QA-06-003: Telefono de cliente requerido para crear reserva" classname="11-reservas-interfaz.spec.ts" time="5.275">
</testcase>
<testcase name="NIVEL 6 — Reservas desde interfaz › QA-06-004: Click en slot disponible crea reserva temporal" classname="11-reservas-interfaz.spec.ts" time="7.273">
</testcase>
<testcase name="NIVEL 6 — Reservas desde interfaz › QA-06-005: Creacion de reserva actualiza el calendario" classname="11-reservas-interfaz.spec.ts" time="6.883">
</testcase>
<testcase name="NIVEL 6 — Reservas desde interfaz › QA-06-006: Campo opcional de correo acepta entrada" classname="11-reservas-interfaz.spec.ts" time="5.156">
</testcase>
<testcase name="NIVEL 6 — Reservas desde interfaz › QA-06-007: Campo de notas acepta entrada" classname="11-reservas-interfaz.spec.ts" time="5.856">
</testcase>
<testcase name="NIVEL 6 — Reservas desde interfaz › QA-06-008: Campos vacios no permiten crear reserva" classname="11-reservas-interfaz.spec.ts" time="5.228">
</testcase>
<testcase name="NIVEL 6 — Reservas desde interfaz › QA-06-009: Error 409 con slot ocupado muestra mensaje especifico" classname="11-reservas-interfaz.spec.ts" time="5.749">
</testcase>
<testcase name="NIVEL 6 — Reservas desde interfaz › QA-06-011: Error 409 con fieldErrors de telefono muestra detalle especifico" classname="11-reservas-interfaz.spec.ts" time="6.385">
</testcase>
<testcase name="NIVEL 6 — Reservas desde interfaz › QA-06-010: Todos los inputs de datos del cliente estan presentes" classname="11-reservas-interfaz.spec.ts" time="5.546">
</testcase>
</testsuite>
<testsuite name="13-reprogramacion-interfaz.spec.ts" timestamp="2026-07-07T01:04:46.458Z" hostname="all-chromium" tests="7" failures="0" skipped="7" time="13.636" errors="0">
<testcase name="NIVEL 7: Reprogramación desde Interfaz (TST-084 a TST-113) › TST-084: Reprogramar reserva que no existe - BLOCKED (requiere API)" classname="13-reprogramacion-interfaz.spec.ts">
<properties>
<property name="skip" value="BLOCKED: requiere endpoint de reprogramación con manejo de 404">
</property>
</properties>
<skipped>
</skipped>
</testcase>
<testcase name="NIVEL 7: Reprogramación desde Interfaz (TST-084 a TST-113) › TST-085: Estado no reprogramable - BLOCKED (requiere API)" classname="13-reprogramacion-interfaz.spec.ts">
<properties>
<property name="skip" value="BLOCKED: requiere state machine endpoint">
</property>
</properties>
<skipped>
</skipped>
</testcase>
<testcase name="NIVEL 7: Reprogramación desde Interfaz (TST-084 a TST-113) › TST-092: Nueva fecha pasada - BLOCKED (requiere API)" classname="13-reprogramacion-interfaz.spec.ts">
<properties>
<property name="skip" value="BLOCKED">
</property>
</properties>
<skipped>
</skipped>
</testcase>
<testcase name="NIVEL 7: Reprogramación desde Interfaz (TST-084 a TST-113) › TST-094: Nuevo slot ocupado - BLOCKED (requiere API)" classname="13-reprogramacion-interfaz.spec.ts">
<properties>
<property name="skip" value="BLOCKED">
</property>
</properties>
<skipped>
</skipped>
</testcase>
<testcase name="NIVEL 7: Reprogramación desde Interfaz (TST-084 a TST-113) › TST-107: Mantener original hasta confirmar nuevo - BLOCKED (requiere transacción)" classname="13-reprogramacion-interfaz.spec.ts">
<properties>
<property name="skip" value="BLOCKED: validación de atomicidad">
</property>
</properties>
<skipped>
</skipped>
</testcase>
<testcase name="NIVEL 7: Reprogramación desde Interfaz (TST-084 a TST-113) › TST-108: Cambio atómico - BLOCKED (requiere transacción)" classname="13-reprogramacion-interfaz.spec.ts">
<properties>
<property name="skip" value="BLOCKED">
</property>
</properties>
<skipped>
</skipped>
</testcase>
<testcase name="NIVEL 7: Reprogramación desde Interfaz (TST-084 a TST-113) › TST-088: Exceso de reprogramaciones" classname="13-reprogramacion-interfaz.spec.ts">
<properties>
<property name="skip" value="BLOCKED: requiere reserva real con reschedule_count">
</property>
</properties>
<skipped>
</skipped>
</testcase>
</testsuite>
<testsuite name="14-cancelacion-interfaz.spec.ts" timestamp="2026-07-07T01:04:46.458Z" hostname="all-chromium" tests="6" failures="0" skipped="6" time="18.997" errors="0">
<testcase name="NIVEL 8: Cancelación desde Interfaz (TST-114 a TST-137) › TST-114: Reserva no existe" classname="14-cancelacion-interfaz.spec.ts">
<properties>
<property name="skip" value="BLOCKED: requiere página de detalle con ID inválido">
</property>
</properties>
<skipped>
</skipped>
</testcase>
<testcase name="NIVEL 8: Cancelación desde Interfaz (TST-114 a TST-137) › TST-115: Estado no cancelable" classname="14-cancelacion-interfaz.spec.ts">
<properties>
<property name="skip" value="BLOCKED">
</property>
</properties>
<skipped>
</skipped>
</testcase>
<testcase name="NIVEL 8: Cancelación desde Interfaz (TST-114 a TST-137) › TST-117: Fuera de plazo" classname="14-cancelacion-interfaz.spec.ts">
<properties>
<property name="skip" value="BLOCKED">
</property>
</properties>
<skipped>
</skipped>
</testcase>
<testcase name="NIVEL 8: Cancelación desde Interfaz (TST-114 a TST-137) › TST-118: Motivo obligatorio" classname="14-cancelacion-interfaz.spec.ts">
<properties>
<property name="skip" value="BLOCKED: requiere reserva real para probar cancelación">
</property>
</properties>
<skipped>
</skipped>
</testcase>
<testcase name="NIVEL 8: Cancelación desde Interfaz (TST-114 a TST-137) › TST-125: Liberar slot - BLOCKED" classname="14-cancelacion-interfaz.spec.ts">
<properties>
<property name="skip" value="BLOCKED">
</property>
</properties>
<skipped>
</skipped>
</testcase>
<testcase name="NIVEL 8: Cancelación desde Interfaz (TST-114 a TST-137) › TST-130: Anular recordatorios - BLOCKED" classname="14-cancelacion-interfaz.spec.ts">
<properties>
<property name="skip" value="BLOCKED">
</property>
</properties>
<skipped>
</skipped>
</testcase>
</testsuite>
<testsuite name="15-sucursales.spec.ts" timestamp="2026-07-07T01:04:46.458Z" hostname="all-chromium" tests="6" failures="0" skipped="3" time="16.36" errors="0">
<testcase name="NIVEL 13: Sucursales 1 a 8 (TST-MUL-001 a TST-MUL-008) › TST-MUL-001: 1 sucursal - auto-seleccionada" classname="15-sucursales.spec.ts" time="3.368">
</testcase>
<testcase name="NIVEL 13: Sucursales 1 a 8 (TST-MUL-001 a TST-MUL-008) › TST-MUL-002: 2 sucursales - selector visible" classname="15-sucursales.spec.ts" time="3.267">
</testcase>
<testcase name="NIVEL 13: Sucursales 1 a 8 (TST-MUL-001 a TST-MUL-008) › TST-MUL-003 a 008: 6+ sucursales - V41 seed data" classname="15-sucursales.spec.ts" time="3.544">
</testcase>
<testcase name="NIVEL 13: Sucursales 1 a 8 (TST-MUL-001 a TST-MUL-008) › Detalle-1: Horario por sucursal" classname="15-sucursales.spec.ts">
<properties>
<property name="skip" value="BLOCKED">
</property>
</properties>
<skipped>
</skipped>
</testcase>
<testcase name="NIVEL 13: Sucursales 1 a 8 (TST-MUL-001 a TST-MUL-008) › Detalle-3: Servicios por sucursal" classname="15-sucursales.spec.ts">
<properties>
<property name="skip" value="BLOCKED">
</property>
</properties>
<skipped>
</skipped>
</testcase>
<testcase name="NIVEL 13: Sucursales 1 a 8 (TST-MUL-001 a TST-MUL-008) › Detalle-4: Profesionales por sucursal" classname="15-sucursales.spec.ts">
<properties>
<property name="skip" value="BLOCKED">
</property>
</properties>
<skipped>
</skipped>
</testcase>
</testsuite>
<testsuite name="16-profesional.spec.ts" timestamp="2026-07-07T01:04:46.458Z" hostname="all-chromium" tests="7" failures="0" skipped="7" time="14.622" errors="0">
<testcase name="NIVEL 14: Profesional (PRO-001 a PRO-020) › PRO-001: Profesional activo visible en filtros" classname="16-profesional.spec.ts">
<properties>
<property name="skip" value="BLOCKED: professional name not visible in DOM (may be in dropdown/select)">
</property>
</properties>
<skipped>
</skipped>
</testcase>
<testcase name="NIVEL 14: Profesional (PRO-001 a PRO-020) › PRO-003: Servicio habilitado - BLOCKED" classname="16-profesional.spec.ts">
<properties>
<property name="skip" value="BLOCKED">
</property>
</properties>
<skipped>
</skipped>
</testcase>
<testcase name="NIVEL 14: Profesional (PRO-001 a PRO-020) › PRO-005: Asignación por sede - BLOCKED" classname="16-profesional.spec.ts">
<properties>
<property name="skip" value="BLOCKED">
</property>
</properties>
<skipped>
</skipped>
</testcase>
<testcase name="NIVEL 14: Profesional (PRO-001 a PRO-020) › PRO-007: Horario laboral - validado por disponibilidad" classname="16-profesional.spec.ts">
<properties>
<property name="skip" value="BLOCKED">
</property>
</properties>
<skipped>
</skipped>
</testcase>
<testcase name="NIVEL 14: Profesional (PRO-001 a PRO-020) › PRO-009: Ausencias - BLOCKED (falta endpoint)" classname="16-profesional.spec.ts">
<properties>
<property name="skip" value="BLOCKED">
</property>
</properties>
<skipped>
</skipped>
</testcase>
<testcase name="NIVEL 14: Profesional (PRO-001 a PRO-020) › PRO-010: Solapamiento - validado por exclusión DB" classname="16-profesional.spec.ts">
<properties>
<property name="skip" value="BLOCKED">
</property>
</properties>
<skipped>
</skipped>
</testcase>
<testcase name="NIVEL 14: Profesional (PRO-001 a PRO-020) › PRO-015: Máximo diario - validación backend" classname="16-profesional.spec.ts">
<properties>
<property name="skip" value="BLOCKED">
</property>
</properties>
<skipped>
</skipped>
</testcase>
</testsuite>
<testsuite name="17-base-datos.spec.ts" timestamp="2026-07-07T01:04:46.458Z" hostname="all-chromium" tests="5" failures="0" skipped="5" time="0.001" errors="0">
<testcase name="NIVEL 15: Base de Datos › POST-RES-001: Reserva guardada correctamente - BLOCKED" classname="17-base-datos.spec.ts">
<properties>
<property name="skip" value="BLOCKED: sin conexión DB segura">
</property>
</properties>
<skipped>
</skipped>
</testcase>
<testcase name="NIVEL 15: Base de Datos › POST-RES-003: No duplicidad - BLOCKED" classname="17-base-datos.spec.ts">
<properties>
<property name="skip" value="BLOCKED: sin conexión DB">
</property>
</properties>
<skipped>
</skipped>
</testcase>
<testcase name="NIVEL 15: Base de Datos › POST-RES-004: Slot ocupado después de reservar - BLOCKED" classname="17-base-datos.spec.ts">
<properties>
<property name="skip" value="BLOCKED: sin conexión DB">
</property>
</properties>
<skipped>
</skipped>
</testcase>
<testcase name="NIVEL 15: Base de Datos › TST-034: Reserva simultánea - prevención por constraint - BLOCKED" classname="17-base-datos.spec.ts">
<properties>
<property name="skip" value="BLOCKED">
</property>
</properties>
<skipped>
</skipped>
</testcase>
<testcase name="NIVEL 15: Base de Datos › Historial de estado registrado - BLOCKED" classname="17-base-datos.spec.ts">
<properties>
<property name="skip" value="BLOCKED">
</property>
</properties>
<skipped>
</skipped>
</testcase>
</testsuite>
<testsuite name="18-concurrencia.spec.ts" timestamp="2026-07-07T01:04:46.458Z" hostname="all-chromium" tests="2" failures="0" skipped="2" time="0" errors="0">
<testcase name="NIVEL 16: Concurrencia (PRE-RES-034 / TST-034) › Dos reservas simultáneas mismo slot - BLOCKED" classname="18-concurrencia.spec.ts">
<properties>
<property name="skip" value="BLOCKED: requiere auth token real y endpoint de booking">
</property>
</properties>
<skipped>
</skipped>
</testcase>
<testcase name="NIVEL 16: Concurrencia (PRE-RES-034 / TST-034) › Lectura sucia - BLOCKED" classname="18-concurrencia.spec.ts">
<properties>
<property name="skip" value="BLOCKED">
</property>
</properties>
<skipped>
</skipped>
</testcase>
</testsuite>
<testsuite name="19-regresion-completa.spec.ts" timestamp="2026-07-07T01:04:46.458Z" hostname="all-chromium" tests="3" failures="0" skipped="0" time="11.915" errors="0">
<testcase name="NIVEL 17: Regresión Completa › Filtros funcionan después de cambios en agenda" classname="19-regresion-completa.spec.ts" time="4.056">
</testcase>
<testcase name="NIVEL 17: Regresión Completa › Sin superposición visual de tarjetas" classname="19-regresion-completa.spec.ts" time="4.029">
</testcase>
<testcase name="NIVEL 17: Regresión Completa › 7 columnas de días visibles" classname="19-regresion-completa.spec.ts" time="3.83">
</testcase>
</testsuite>
<testsuite name="admin-locations-visual.spec.ts" timestamp="2026-07-07T01:04:46.458Z" hostname="all-chromium" tests="5" failures="0" skipped="0" time="15.317" errors="0">
<testcase name="Admin Locations - Visual Layout › tabla de sedes en 1920x1080" classname="admin-locations-visual.spec.ts" time="2.854">
</testcase>
<testcase name="Admin Locations - Visual Layout › tabla de sedes en 1440x900" classname="admin-locations-visual.spec.ts" time="2.892">
</testcase>
<testcase name="Admin Locations - Visual Layout › tabla de sedes en 1366x768" classname="admin-locations-visual.spec.ts" time="3.706">
</testcase>
<testcase name="Admin Locations - Visual Layout › tabla de sedes en 1280x720" classname="admin-locations-visual.spec.ts" time="2.953">
</testcase>
<testcase name="Admin Locations - Visual Layout › tabla de sedes en 390x844 (mobile)" classname="admin-locations-visual.spec.ts" time="2.912">
</testcase>
</testsuite>
<testsuite name="booking-public-pages.spec.ts" timestamp="2026-07-07T01:04:46.458Z" hostname="all-chromium" tests="6" failures="0" skipped="0" time="16.73" errors="0">
<testcase name="Paginas publicas de reservas › Pago - muestra checkout pendiente" classname="booking-public-pages.spec.ts" time="2.912">
</testcase>
<testcase name="Paginas publicas de reservas › Pago - muestra aprobado cuando el pago fue confirmado" classname="booking-public-pages.spec.ts" time="2.72">
</testcase>
<testcase name="Paginas publicas de reservas › Pago - simular aprobacion y verificar estado" classname="booking-public-pages.spec.ts" time="4.365">
</testcase>
<testcase name="Paginas publicas de reservas › Cancelacion - muestra datos de la reserva" classname="booking-public-pages.spec.ts" time="2.344">
</testcase>
<testcase name="Paginas publicas de reservas › Reprogramacion - muestra opciones de fecha" classname="booking-public-pages.spec.ts" time="2.194">
</testcase>
<testcase name="Paginas publicas de reservas › Confirmacion - datos y boton de confirmar" classname="booking-public-pages.spec.ts" time="2.195">
</testcase>
</testsuite>
</testsuites>