<?xml version="1.0" encoding="UTF-8"?>
<testsuite xmlns:xsi="http://www.w3.org/2001/XMLSchema-instance" xsi:noNamespaceSchemaLocation="https://maven.apache.org/surefire/maven-failsafe-plugin/xsd/failsafe-test-report.xsd" version="3.0.2" name="com.asistentewhatsapp.channels.infrastructure.simulated.WhatsAppChannelSimulatorControllerIntegrationTest" time="1.039" tests="2" errors="0" skipped="0" failures="0" flakes="0">
  <properties>
[...]
</properties>
  <testcase name="healthEndpointShouldRespond" classname="com.asistentewhatsapp.channels.infrastructure.simulated.WhatsAppChannelSimulatorControllerIntegrationTest" time="0.806">
    <system-out><![CDATA[2026-08-02T21:34:54.761-04:00  INFO [correlationId:sin-correlacion] 12116 --- [backend-java] [           main] [                                                 ] t.c.s.AnnotationConfigContextLoaderUtils : Could not detect default configuration classes for test class [com.asistentewhatsapp.channels.infrastructure.simulated.WhatsAppChannelSimulatorControllerIntegrationTest]: WhatsAppChannelSimulatorControllerIntegrationTest does not declare any static, non-private, non-final, nested classes annotated with @Configuration.
2026-08-02T21:34:54.796-04:00  INFO [correlationId:sin-correlacion] 12116 --- [backend-java] [           main] [                                                 ] .b.t.c.SpringBootTestContextBootstrapper : Found @SpringBootConfiguration com.asistentewhatsapp.AsistenteWhatsappApplication for test class com.asistentewhatsapp.channels.infrastructure.simulated.WhatsAppChannelSimulatorControllerIntegrationTest
2026-08-02T21:34:54.971-04:00  INFO [correlationId:sin-correlacion] 12116 --- [backend-java] [o-auto-1-exec-1] [                                                 ] o.a.c.c.C.[Tomcat].[localhost].[/]       : Initializing Spring DispatcherServlet 'dispatcherServlet'
2026-08-02T21:34:54.971-04:00  INFO [correlationId:sin-correlacion] 12116 --- [backend-java] [o-auto-1-exec-1] [                                                 ] o.s.web.servlet.DispatcherServlet        : Initializing Servlet 'dispatcherServlet'
2026-08-02T21:34:54.972-04:00  INFO [correlationId:sin-correlacion] 12116 --- [backend-java] [o-auto-1-exec-1] [                                                 ] o.s.web.servlet.DispatcherServlet        : Completed initialization in 1 ms
]]></system-out>
  </testcase>
  <testcase name="simulatorEndpointShouldAcceptMessage" classname="com.asistentewhatsapp.channels.infrastructure.simulated.WhatsAppChannelSimulatorControllerIntegrationTest" time="0.191">
    <system-out><![CDATA[2026-08-02T21:34:55.763-04:00  INFO [correlationId:REQ-8785da77-2d85-485e-b7e2-622ed09ac197] 12116 --- [backend-java] [o-auto-1-exec-4] [ffce4fdd44b20c1c4d645125b1b130da-86d3c83d24970703] AI_TRACE                                 : [AI_TRACE] step=WHATSAPP_MESSAGE_RECEIVED traceId=WA-1b8e98df conversationId=- messageId=- layer=WhatsAppInboundMessageService deliveryId=sim-f04bd663-e402-4385-a812-accbd66783f1 phoneMasked=5690****0001 externalMessageIdMasked=sim-...7dd3 messageLength=29 messageContainsLink=false
2026-08-02T21:34:55.782-04:00  WARN [correlationId:REQ-8785da77-2d85-485e-b7e2-622ed09ac197] 12116 --- [backend-java] [o-auto-1-exec-4] [ffce4fdd44b20c1c4d645125b1b130da-86d3c83d24970703] AI_TRACE                                 : [AI_TRACE] step=AI_OUTBOX_SKIPPED traceId=WA-1b8e98df conversationId=dff7d0b0-4f3b-4dae-ad8f-68f7e0792103 messageId=a34691a8-4a00-4f65-855d-fd02275dec40 layer=WhatsAppInboundMessageService reason=AI_AUTO_REPLY_DISABLED
]]></system-out>
  </testcase>
</testsuite>