<?xml version="1.0" encoding="UTF-8"?>
<testsuite xmlns:xsi="http://www.w3.org/2001/XMLSchema-instance" xsi:noNamespaceSchemaLocation="https://maven.apache.org/surefire/maven-failsafe-plugin/xsd/failsafe-test-report.xsd" version="3.0.2" name="com.asistentewhatsapp.bookings.application.BookingConcurrencyTest" time="31.947" tests="5" errors="0" skipped="0" failures="0" flakes="0">
  <properties>
[...]
</properties>
  <testcase name="concurrentRescheduleOnlyOneSucceeds" classname="com.asistentewhatsapp.bookings.application.BookingConcurrencyTest" time="0.53">
    <system-out><![CDATA[21:34:23.237 [main] INFO org.springframework.test.context.support.AnnotationConfigContextLoaderUtils -- Could not detect default configuration classes for test class [com.asistentewhatsapp.bookings.application.BookingConcurrencyTest]: BookingConcurrencyTest does not declare any static, non-private, non-final, nested classes annotated with @Configuration.
21:34:23.683 [main] INFO org.springframework.boot.test.context.SpringBootTestContextBootstrapper -- Found @SpringBootConfiguration com.asistentewhatsapp.AsistenteWhatsappApplication for test class com.asistentewhatsapp.bookings.application.BookingConcurrencyTest

  .   ____          _            __ _ _
 /\\ / ___'_ __ _ _(_)_ __  __ _ \ \ \ \
( ( )\___ | '_ | '_| | '_ \/ _` | \ \ \ \
 \\/  ___)| |_)| | | | | || (_| |  ) ) ) )
  '  |____| .__|_| |_|_| |_\__, | / / / /
 =========|_|==============|___/=/_/_/_/

 :: Spring Boot ::               (v3.5.14)

2026-08-02T21:34:24.935-04:00  INFO [correlationId:sin-correlacion] 12116 --- [backend-java] [           main] [                                                 ] c.a.b.a.BookingConcurrencyTest           : Starting BookingConcurrencyTest using Java 25.0.3 with PID 12116 (started by altp2 in C:\mvp\asistente_impl_codex\asistente\backend-java)
2026-08-02T21:34:24.939-04:00  INFO [correlationId:sin-correlacion] 12116 --- [backend-java] [           main] [                                                 ] c.a.b.a.BookingConcurrencyTest           : The following 1 profile is active: "test"
2026-08-02T21:34:28.165-04:00  INFO [correlationId:sin-correlacion] 12116 --- [backend-java] [           main] [                                                 ] .s.d.r.c.RepositoryConfigurationDelegate : Bootstrapping Spring Data JPA repositories in DEFAULT mode.
2026-08-02T21:34:28.376-04:00  INFO [correlationId:sin-correlacion] 12116 --- [backend-java] [           main] [                                                 ] .s.d.r.c.RepositoryConfigurationDelegate : Finished Spring Data repository scanning in 196 ms. Found 5 JPA repository interfaces.
2026-08-02T21:34:29.595-04:00  INFO [correlationId:sin-correlacion] 12116 --- [backend-java] [           main] [                                                 ] o.s.b.w.embedded.tomcat.TomcatWebServer  : Tomcat initialized with port 0 (http)
2026-08-02T21:34:29.623-04:00  INFO [correlationId:sin-correlacion] 12116 --- [backend-java] [           main] [                                                 ] o.apache.catalina.core.StandardService   : Starting service [Tomcat]
2026-08-02T21:34:29.624-04:00  INFO [correlationId:sin-correlacion] 12116 --- [backend-java] [           main] [                                                 ] o.apache.catalina.core.StandardEngine    : Starting Servlet engine: [Apache Tomcat/10.1.54]
2026-08-02T21:34:29.728-04:00  INFO [correlationId:sin-correlacion] 12116 --- [backend-java] [           main] [                                                 ] o.a.c.c.C.[Tomcat].[localhost].[/]       : Initializing Spring embedded WebApplicationContext
2026-08-02T21:34:29.728-04:00  INFO [correlationId:sin-correlacion] 12116 --- [backend-java] [           main] [                                                 ] w.s.c.ServletWebServerApplicationContext : Root WebApplicationContext: initialization completed in 4738 ms
2026-08-02T21:34:30.977-04:00  INFO [correlationId:sin-correlacion] 12116 --- [backend-java] [           main] [                                                 ] com.zaxxer.hikari.HikariDataSource       : HikariPool-1 - Starting...
2026-08-02T21:34:31.045-04:00  INFO [correlationId:sin-correlacion] 12116 --- [backend-java] [           main] [                                                 ] org.testcontainers.images.PullPolicy     : Image pull policy will be performed by: DefaultPullPolicy()
2026-08-02T21:34:31.049-04:00  INFO [correlationId:sin-correlacion] 12116 --- [backend-java] [           main] [                                                 ] o.t.utility.ImageNameSubstitutor         : Image name substitution will be performed by: DefaultImageNameSubstitutor (composite of 'ConfigurationFileImageNameSubstitutor' and 'PrefixingImageNameSubstitutor')
2026-08-02T21:34:31.069-04:00  INFO [correlationId:sin-correlacion] 12116 --- [backend-java] [           main] [                                                 ] org.testcontainers.DockerClientFactory   : Testcontainers version: 1.21.4
2026-08-02T21:34:31.423-04:00  INFO [correlationId:sin-correlacion] 12116 --- [backend-java] [           main] [                                                 ] o.t.d.DockerClientProviderStrategy       : Loaded org.testcontainers.dockerclient.NpipeSocketClientProviderStrategy from ~/.testcontainers.properties, will try it first
2026-08-02T21:34:31.860-04:00  INFO [correlationId:sin-correlacion] 12116 --- [backend-java] [           main] [                                                 ] o.t.d.DockerClientProviderStrategy       : Found Docker environment with local Npipe socket (npipe:////./pipe/docker_engine)
2026-08-02T21:34:31.862-04:00  INFO [correlationId:sin-correlacion] 12116 --- [backend-java] [           main] [                                                 ] org.testcontainers.DockerClientFactory   : Docker host IP address is localhost
2026-08-02T21:34:31.887-04:00  INFO [correlationId:sin-correlacion] 12116 --- [backend-java] [           main] [                                                 ] org.testcontainers.DockerClientFactory   : Connected to docker: 
  Server Version: 29.4.3
  API Version: 1.54
  Operating System: Docker Desktop
  Total Memory: 13978 MB
  Labels: 
    com.docker.desktop.address=npipe://\\.\pipe\docker_cli
2026-08-02T21:34:32.121-04:00  INFO [correlationId:sin-correlacion] 12116 --- [backend-java] [           main] [                                                 ] tc.testcontainers/ryuk:0.12.0            : Creating container for image: testcontainers/ryuk:0.12.0
2026-08-02T21:34:32.230-04:00  INFO [correlationId:sin-correlacion] 12116 --- [backend-java] [           main] [                                                 ] o.t.utility.RegistryAuthLocator          : Credential helper/store (docker-credential-desktop) does not have credentials for https://index.docker.io/v1/
2026-08-02T21:34:32.436-04:00  INFO [correlationId:sin-correlacion] 12116 --- [backend-java] [           main] [                                                 ] tc.testcontainers/ryuk:0.12.0            : Container testcontainers/ryuk:0.12.0 is starting: 278278c340d2cd89014a1d4842ca1880c2b18758870800c41c99edefcc5ee2b5
2026-08-02T21:34:32.882-04:00  INFO [correlationId:sin-correlacion] 12116 --- [backend-java] [           main] [                                                 ] tc.testcontainers/ryuk:0.12.0            : Container testcontainers/ryuk:0.12.0 started in PT0.7607858S
2026-08-02T21:34:32.891-04:00  INFO [correlationId:sin-correlacion] 12116 --- [backend-java] [           main] [                                                 ] o.t.utility.RyukResourceReaper           : Ryuk started - will monitor and terminate Testcontainers containers on JVM exit
2026-08-02T21:34:32.891-04:00  INFO [correlationId:sin-correlacion] 12116 --- [backend-java] [           main] [                                                 ] org.testcontainers.DockerClientFactory   : Checking the system...
2026-08-02T21:34:32.892-04:00  INFO [correlationId:sin-correlacion] 12116 --- [backend-java] [           main] [                                                 ] org.testcontainers.DockerClientFactory   : ✔︎ Docker server version should be at least 1.6.0
2026-08-02T21:34:32.893-04:00  INFO [correlationId:sin-correlacion] 12116 --- [backend-java] [           main] [                                                 ] tc.postgres:16-alpine                    : Creating container for image: postgres:16-alpine
2026-08-02T21:34:32.893-04:00  WARN [correlationId:sin-correlacion] 12116 --- [backend-java] [           main] [                                                 ] tc.postgres:16-alpine                    : Reuse was requested but the environment does not support the reuse of containers
To enable reuse of containers, you must set 'testcontainers.reuse.enable=true' in a file located at C:\Users\altp2\.testcontainers.properties
2026-08-02T21:34:33.020-04:00  INFO [correlationId:sin-correlacion] 12116 --- [backend-java] [           main] [                                                 ] tc.postgres:16-alpine                    : Container postgres:16-alpine is starting: 906d7e3709a399838a65a5a13d2c94688fd84ded32822e1ecb988da0f9c5358e
2026-08-02T21:34:34.998-04:00  INFO [correlationId:sin-correlacion] 12116 --- [backend-java] [           main] [                                                 ] tc.postgres:16-alpine                    : Container postgres:16-alpine started in PT2.1054458S
2026-08-02T21:34:35.000-04:00  INFO [correlationId:sin-correlacion] 12116 --- [backend-java] [           main] [                                                 ] tc.postgres:16-alpine                    : Container is started (JDBC URL: jdbc:postgresql://localhost:58489/test?loggerLevel=OFF)
2026-08-02T21:34:35.244-04:00  INFO [correlationId:sin-correlacion] 12116 --- [backend-java] [           main] [                                                 ] com.zaxxer.hikari.pool.HikariPool        : HikariPool-1 - Added connection org.testcontainers.jdbc.ConnectionWrapper@1780140f
2026-08-02T21:34:35.246-04:00  INFO [correlationId:sin-correlacion] 12116 --- [backend-java] [           main] [                                                 ] com.zaxxer.hikari.HikariDataSource       : HikariPool-1 - Start completed.
2026-08-02T21:34:35.319-04:00  INFO [correlationId:sin-correlacion] 12116 --- [backend-java] [           main] [                                                 ] org.flywaydb.core.FlywayExecutor         : Database: jdbc:postgresql://localhost:58489/test?loggerLevel=OFF (PostgreSQL 16.14)
2026-08-02T21:34:35.532-04:00  INFO [correlationId:sin-correlacion] 12116 --- [backend-java] [           main] [                                                 ] o.f.c.i.s.JdbcTableSchemaHistory         : Schema history table "public"."flyway_schema_history" does not exist yet
2026-08-02T21:34:35.540-04:00  INFO [correlationId:sin-correlacion] 12116 --- [backend-java] [           main] [                                                 ] o.f.core.internal.command.DbValidate     : Successfully validated 105 migrations (execution time 00:00.154s)
2026-08-02T21:34:35.569-04:00  INFO [correlationId:sin-correlacion] 12116 --- [backend-java] [           main] [                                                 ] o.f.c.i.s.JdbcTableSchemaHistory         : Creating Schema History table "public"."flyway_schema_history" ...
2026-08-02T21:34:35.645-04:00  INFO [correlationId:sin-correlacion] 12116 --- [backend-java] [           main] [                                                 ] o.f.core.internal.command.DbMigrate      : Current version of schema "public": << Empty Schema >>
2026-08-02T21:34:35.691-04:00  INFO [correlationId:sin-correlacion] 12116 --- [backend-java] [           main] [                                                 ] o.f.core.internal.command.DbMigrate      : Migrating schema "public" to version "1 - initial schema"
2026-08-02T21:34:35.918-04:00  INFO [correlationId:sin-correlacion] 12116 --- [backend-java] [           main] [                                                 ] o.f.core.internal.command.DbMigrate      : Migrating schema "public" to version "2 - indexes"
2026-08-02T21:34:36.070-04:00  INFO [correlationId:sin-correlacion] 12116 --- [backend-java] [           main] [                                                 ] o.f.core.internal.command.DbMigrate      : Migrating schema "public" to version "3 - seed roles permissions"
2026-08-02T21:34:36.122-04:00  INFO [correlationId:sin-correlacion] 12116 --- [backend-java] [           main] [                                                 ] o.f.core.internal.command.DbMigrate      : Migrating schema "public" to version "4 - seed demo data"
2026-08-02T21:34:36.204-04:00  INFO [correlationId:sin-correlacion] 12116 --- [backend-java] [           main] [                                                 ] o.f.core.internal.command.DbMigrate      : Migrating schema "public" to version "5 - lead stage alignment"
2026-08-02T21:34:36.232-04:00  INFO [correlationId:sin-correlacion] 12116 --- [backend-java] [           main] [                                                 ] o.f.core.internal.command.DbMigrate      : Migrating schema "public" to version "6 - booking status alignment"
2026-08-02T21:34:36.270-04:00  INFO [correlationId:sin-correlacion] 12116 --- [backend-java] [           main] [                                                 ] o.f.core.internal.command.DbMigrate      : Migrating schema "public" to version "7 - aesthetic center module"
2026-08-02T21:34:36.366-04:00  INFO [correlationId:sin-correlacion] 12116 --- [backend-java] [           main] [                                                 ] o.f.core.internal.command.DbMigrate      : Migrating schema "public" to version "8 - aesthetic center full catalog rules"
2026-08-02T21:34:36.408-04:00  INFO [correlationId:sin-correlacion] 12116 --- [backend-java] [           main] [                                                 ] o.f.core.internal.command.DbMigrate      : Migrating schema "public" to version "9 - stage8 catalog orders"
2026-08-02T21:34:36.467-04:00  INFO [correlationId:sin-correlacion] 12116 --- [backend-java] [           main] [                                                 ] o.f.core.internal.command.DbMigrate      : Migrating schema "public" to version "10 - whatsapp configuration preferences"
2026-08-02T21:34:36.508-04:00  INFO [correlationId:sin-correlacion] 12116 --- [backend-java] [           main] [                                                 ] o.f.core.internal.command.DbMigrate      : Migrating schema "public" to version "11 - ai agents orchestration"
2026-08-02T21:34:36.515-04:00  WARN [correlationId:sin-correlacion] 12116 --- [backend-java] [           main] [                                                 ] o.f.c.i.s.DefaultSqlScriptExecutor       : DB: extension "pgcrypto" already exists, skipping (SQL State: 42710 - Error Code: 0)
2026-08-02T21:34:36.580-04:00  INFO [correlationId:sin-correlacion] 12116 --- [backend-java] [           main] [                                                 ] o.f.core.internal.command.DbMigrate      : Migrating schema "public" to version "12 - allow cloud api channel provider"
2026-08-02T21:34:36.605-04:00  INFO [correlationId:sin-correlacion] 12116 --- [backend-java] [           main] [                                                 ] o.f.core.internal.command.DbMigrate      : Migrating schema "public" to version "13 - business whatsapp channel metadata"
2026-08-02T21:34:36.623-04:00  INFO [correlationId:sin-correlacion] 12116 --- [backend-java] [           main] [                                                 ] o.f.core.internal.command.DbMigrate      : Migrating schema "public" to version "14 - ai db driven intent rules"
2026-08-02T21:34:36.648-04:00  INFO [correlationId:sin-correlacion] 12116 --- [backend-java] [           main] [                                                 ] o.f.core.internal.command.DbMigrate      : Migrating schema "public" to version "15 - message status pending simulated"
2026-08-02T21:34:36.667-04:00  INFO [correlationId:sin-correlacion] 12116 --- [backend-java] [           main] [                                                 ] o.f.core.internal.command.DbMigrate      : Migrating schema "public" to version "16 - message idempotency key"
2026-08-02T21:34:36.687-04:00  INFO [correlationId:sin-correlacion] 12116 --- [backend-java] [           main] [                                                 ] o.f.core.internal.command.DbMigrate      : Migrating schema "public" to version "17 - business locations"
2026-08-02T21:34:36.748-04:00  INFO [correlationId:sin-correlacion] 12116 --- [backend-java] [           main] [                                                 ] o.f.core.internal.command.DbMigrate      : Migrating schema "public" to version "18 - complete multisite model"
2026-08-02T21:34:36.751-04:00  WARN [correlationId:sin-correlacion] 12116 --- [backend-java] [           main] [                                                 ] o.f.c.i.s.DefaultSqlScriptExecutor       : DB: extension "pgcrypto" already exists, skipping (SQL State: 42710 - Error Code: 0)
2026-08-02T21:34:36.770-04:00  INFO [correlationId:sin-correlacion] 12116 --- [backend-java] [           main] [                                                 ] o.f.c.i.s.DefaultSqlScriptExecutor       : DB: constraint "chk_order_request_fulfillment_type" of relation "order_request" does not exist, skipping
2026-08-02T21:34:36.821-04:00  INFO [correlationId:sin-correlacion] 12116 --- [backend-java] [           main] [                                                 ] o.f.c.i.s.DefaultSqlScriptExecutor       : DB: constraint "chk_channel_account_routing_mode" of relation "channel_account" does not exist, skipping
2026-08-02T21:34:36.905-04:00  INFO [correlationId:sin-correlacion] 12116 --- [backend-java] [           main] [                                                 ] o.f.core.internal.command.DbMigrate      : Migrating schema "public" to version "19 - booking confirmation links"
2026-08-02T21:34:36.933-04:00  INFO [correlationId:sin-correlacion] 12116 --- [backend-java] [           main] [                                                 ] o.f.core.internal.command.DbMigrate      : Migrating schema "public" to version "20 - complete digital agenda"
2026-08-02T21:34:36.935-04:00  WARN [correlationId:sin-correlacion] 12116 --- [backend-java] [           main] [                                                 ] o.f.c.i.s.DefaultSqlScriptExecutor       : DB: extension "pgcrypto" already exists, skipping (SQL State: 42710 - Error Code: 0)
2026-08-02T21:34:36.937-04:00  INFO [correlationId:sin-correlacion] 12116 --- [backend-java] [           main] [                                                 ] o.f.c.i.s.DefaultSqlScriptExecutor       : DB: constraint "chk_aesthetic_service_deposit_amount" of relation "aesthetic_service" does not exist, skipping
2026-08-02T21:34:36.938-04:00  INFO [correlationId:sin-correlacion] 12116 --- [backend-java] [           main] [                                                 ] o.f.c.i.s.DefaultSqlScriptExecutor       : DB: constraint "chk_aesthetic_service_buffers" of relation "aesthetic_service" does not exist, skipping
2026-08-02T21:34:36.970-04:00  INFO [correlationId:sin-correlacion] 12116 --- [backend-java] [           main] [                                                 ] o.f.c.i.s.DefaultSqlScriptExecutor       : DB: constraint "fk_booking_aesthetic_service" of relation "booking" does not exist, skipping
2026-08-02T21:34:36.971-04:00  INFO [correlationId:sin-correlacion] 12116 --- [backend-java] [           main] [                                                 ] o.f.c.i.s.DefaultSqlScriptExecutor       : DB: constraint "fk_booking_aesthetic_professional" of relation "booking" does not exist, skipping
2026-08-02T21:34:36.971-04:00  INFO [correlationId:sin-correlacion] 12116 --- [backend-java] [           main] [                                                 ] o.f.c.i.s.DefaultSqlScriptExecutor       : DB: constraint "fk_booking_agenda_room" of relation "booking" does not exist, skipping
2026-08-02T21:34:36.971-04:00  INFO [correlationId:sin-correlacion] 12116 --- [backend-java] [           main] [                                                 ] o.f.c.i.s.DefaultSqlScriptExecutor       : DB: constraint "chk_booking_complete_range" of relation "booking" does not exist, skipping
2026-08-02T21:34:36.971-04:00  INFO [correlationId:sin-correlacion] 12116 --- [backend-java] [           main] [                                                 ] o.f.c.i.s.DefaultSqlScriptExecutor       : DB: constraint "chk_booking_payment_status" of relation "booking" does not exist, skipping
2026-08-02T21:34:36.971-04:00  INFO [correlationId:sin-correlacion] 12116 --- [backend-java] [           main] [                                                 ] o.f.c.i.s.DefaultSqlScriptExecutor       : DB: constraint "chk_booking_source_channel" of relation "booking" does not exist, skipping
2026-08-02T21:34:37.075-04:00  INFO [correlationId:sin-correlacion] 12116 --- [backend-java] [           main] [                                                 ] o.f.core.internal.command.DbMigrate      : Migrating schema "public" to version "21 - ai booking facial service weekday aliases"
2026-08-02T21:34:37.121-04:00  INFO [correlationId:sin-correlacion] 12116 --- [backend-java] [           main] [                                                 ] o.f.core.internal.command.DbMigrate      : Migrating schema "public" to version "22 - ai operational prompts and rules"
2026-08-02T21:34:37.125-04:00  WARN [correlationId:sin-correlacion] 12116 --- [backend-java] [           main] [                                                 ] o.f.c.i.s.DefaultSqlScriptExecutor       : DB: extension "pgcrypto" already exists, skipping (SQL State: 42710 - Error Code: 0)
2026-08-02T21:34:37.182-04:00  INFO [correlationId:sin-correlacion] 12116 --- [backend-java] [           main] [                                                 ] o.f.core.internal.command.DbMigrate      : Migrating schema "public" to version "23 - complete specialized ai agents for business"
2026-08-02T21:34:37.186-04:00  WARN [correlationId:sin-correlacion] 12116 --- [backend-java] [           main] [                                                 ] o.f.c.i.s.DefaultSqlScriptExecutor       : DB: extension "pgcrypto" already exists, skipping (SQL State: 42710 - Error Code: 0)
2026-08-02T21:34:37.209-04:00  INFO [correlationId:sin-correlacion] 12116 --- [backend-java] [           main] [                                                 ] o.f.core.internal.command.DbMigrate      : Migrating schema "public" to version "24 - fix facial location and test rules"
2026-08-02T21:34:37.232-04:00  INFO [correlationId:sin-correlacion] 12116 --- [backend-java] [           main] [                                                 ] o.f.core.internal.command.DbMigrate      : Migrating schema "public" to version "25 - stabilize facial confidence and test normalization"
2026-08-02T21:34:37.251-04:00  INFO [correlationId:sin-correlacion] 12116 --- [backend-java] [           main] [                                                 ] o.f.core.internal.command.DbMigrate      : Migrating schema "public" to version "26 - complete booking transactional link flow"
2026-08-02T21:34:37.253-04:00  WARN [correlationId:sin-correlacion] 12116 --- [backend-java] [           main] [                                                 ] o.f.c.i.s.DefaultSqlScriptExecutor       : DB: extension "pgcrypto" already exists, skipping (SQL State: 42710 - Error Code: 0)
2026-08-02T21:34:37.270-04:00  INFO [correlationId:sin-correlacion] 12116 --- [backend-java] [           main] [                                                 ] o.f.core.internal.command.DbMigrate      : Migrating schema "public" to version "27 - fix contact location resolution and service location seed"
2026-08-02T21:34:37.289-04:00  INFO [correlationId:sin-correlacion] 12116 --- [backend-java] [           main] [                                                 ] o.f.core.internal.command.DbMigrate      : Migrating schema "public" to version "28 - ai reply outbox queue"
2026-08-02T21:34:37.314-04:00  INFO [correlationId:sin-correlacion] 12116 --- [backend-java] [           main] [                                                 ] o.f.core.internal.command.DbMigrate      : Migrating schema "public" to version "29 - booking pending confirmation visible agenda"
2026-08-02T21:34:37.347-04:00  INFO [correlationId:sin-correlacion] 12116 --- [backend-java] [           main] [                                                 ] o.f.core.internal.command.DbMigrate      : Migrating schema "public" to version "30 - public reschedule cancellation email reminders"
2026-08-02T21:34:37.350-04:00  WARN [correlationId:sin-correlacion] 12116 --- [backend-java] [           main] [                                                 ] o.f.c.i.s.DefaultSqlScriptExecutor       : DB: extension "pgcrypto" already exists, skipping (SQL State: 42710 - Error Code: 0)
2026-08-02T21:34:37.417-04:00  INFO [correlationId:sin-correlacion] 12116 --- [backend-java] [           main] [                                                 ] o.f.core.internal.command.DbMigrate      : Migrating schema "public" to version "31 - fix location resolution agenda seed"
2026-08-02T21:34:37.486-04:00  INFO [correlationId:sin-correlacion] 12116 --- [backend-java] [           main] [                                                 ] o.f.core.internal.command.DbMigrate      : Migrating schema "public" to version "32 - channel event log session status idempotency"
2026-08-02T21:34:37.519-04:00  INFO [correlationId:sin-correlacion] 12116 --- [backend-java] [           main] [                                                 ] o.f.core.internal.command.DbMigrate      : Migrating schema "public" to version "33 - booking transactional guards"
2026-08-02T21:34:37.545-04:00  INFO [correlationId:sin-correlacion] 12116 --- [backend-java] [           main] [                                                 ] o.f.c.i.s.DefaultSqlScriptExecutor       : DB: constraint "chk_booking_version_non_negative" of relation "booking" does not exist, skipping
2026-08-02T21:34:37.546-04:00  INFO [correlationId:sin-correlacion] 12116 --- [backend-java] [           main] [                                                 ] o.f.c.i.s.DefaultSqlScriptExecutor       : DB: constraint "chk_booking_valid_time_range" of relation "booking" does not exist, skipping
2026-08-02T21:34:37.575-04:00  INFO [correlationId:sin-correlacion] 12116 --- [backend-java] [           main] [                                                 ] o.f.core.internal.command.DbMigrate      : Migrating schema "public" to version "34 - canonical booking states audit diagnostics"
2026-08-02T21:34:37.611-04:00  INFO [correlationId:sin-correlacion] 12116 --- [backend-java] [           main] [                                                 ] o.f.core.internal.command.DbMigrate      : Migrating schema "public" to version "35 - booking payments"
2026-08-02T21:34:37.642-04:00  INFO [correlationId:sin-correlacion] 12116 --- [backend-java] [           main] [                                                 ] o.f.core.internal.command.DbMigrate      : Migrating schema "public" to version "36 - booking payment operations"
2026-08-02T21:34:37.666-04:00  INFO [correlationId:sin-correlacion] 12116 --- [backend-java] [           main] [                                                 ] o.f.core.internal.command.DbMigrate      : Migrating schema "public" to version "37 - refresh demo seed dates and users"
2026-08-02T21:34:37.709-04:00  INFO [correlationId:sin-correlacion] 12116 --- [backend-java] [           main] [                                                 ] o.f.core.internal.command.DbMigrate      : Migrating schema "public" to version "38 - aesthetic category display order"
2026-08-02T21:34:37.741-04:00  INFO [correlationId:sin-correlacion] 12116 --- [backend-java] [           main] [                                                 ] o.f.core.internal.command.DbMigrate      : Migrating schema "public" to version "39 - calendar integration"
2026-08-02T21:34:37.779-04:00  INFO [correlationId:sin-correlacion] 12116 --- [backend-java] [           main] [                                                 ] o.f.core.internal.command.DbMigrate      : Migrating schema "public" to version "40 - booking availability absences"
2026-08-02T21:34:37.794-04:00  INFO [correlationId:sin-correlacion] 12116 --- [backend-java] [           main] [                                                 ] o.f.c.i.s.DefaultSqlScriptExecutor       : DB: constraint "chk_aesthetic_professional_max_daily_bookings" of relation "aesthetic_professional" does not exist, skipping
2026-08-02T21:34:37.797-04:00  INFO [correlationId:sin-correlacion] 12116 --- [backend-java] [           main] [                                                 ] o.f.c.i.s.DefaultSqlScriptExecutor       : DB: constraint "chk_agenda_business_hours_min_advance" of relation "agenda_business_hours" does not exist, skipping
2026-08-02T21:34:37.800-04:00  INFO [correlationId:sin-correlacion] 12116 --- [backend-java] [           main] [                                                 ] o.f.c.i.s.DefaultSqlScriptExecutor       : DB: constraint "chk_agenda_professional_hours_min_advance" of relation "agenda_professional_hours" does not exist, skipping
2026-08-02T21:34:37.821-04:00  INFO [correlationId:sin-correlacion] 12116 --- [backend-java] [           main] [                                                 ] o.f.core.internal.command.DbMigrate      : Migrating schema "public" to version "41 - add lascondes vitacura nunoa seed"
2026-08-02T21:34:37.872-04:00  INFO [correlationId:sin-correlacion] 12116 --- [backend-java] [           main] [                                                 ] o.f.core.internal.command.DbMigrate      : Migrating schema "public" to version "42 - booking receipt table"
2026-08-02T21:34:37.908-04:00  INFO [correlationId:sin-correlacion] 12116 --- [backend-java] [           main] [                                                 ] o.f.core.internal.command.DbMigrate      : Migrating schema "public" to version "43 - customer booking tokens"
2026-08-02T21:34:37.938-04:00  INFO [correlationId:sin-correlacion] 12116 --- [backend-java] [           main] [                                                 ] o.f.core.internal.command.DbMigrate      : Migrating schema "public" to version "44 - add cancelada por cliente status"
2026-08-02T21:34:37.962-04:00  INFO [correlationId:sin-correlacion] 12116 --- [backend-java] [           main] [                                                 ] o.f.core.internal.command.DbMigrate      : Migrating schema "public" to version "45 - booking payment provider columns"
2026-08-02T21:34:37.996-04:00  INFO [correlationId:sin-correlacion] 12116 --- [backend-java] [           main] [                                                 ] o.f.core.internal.command.DbMigrate      : Migrating schema "public" to version "46 - canonical permissions and role assignments"
2026-08-02T21:34:38.030-04:00  INFO [correlationId:sin-correlacion] 12116 --- [backend-java] [           main] [                                                 ] o.f.core.internal.command.DbMigrate      : Migrating schema "public" to version "47 - transbank webpay mall"
2026-08-02T21:34:38.072-04:00  INFO [correlationId:sin-correlacion] 12116 --- [backend-java] [           main] [                                                 ] o.f.core.internal.command.DbMigrate      : Migrating schema "public" to version "48 - booking sync and intent expressions"
2026-08-02T21:34:38.091-04:00  WARN [correlationId:sin-correlacion] 12116 --- [backend-java] [           main] [                                                 ] o.f.c.i.s.DefaultSqlScriptExecutor       : DB: column "conversation_id" of relation "booking" already exists, skipping (SQL State: 42701 - Error Code: 0)
2026-08-02T21:34:38.125-04:00  INFO [correlationId:sin-correlacion] 12116 --- [backend-java] [           main] [                                                 ] o.f.core.internal.command.DbMigrate      : Migrating schema "public" to version "49 - unify business hours single source of truth"
2026-08-02T21:34:38.155-04:00  INFO [correlationId:sin-correlacion] 12116 --- [backend-java] [           main] [                                                 ] o.f.core.internal.command.DbMigrate      : Migrating schema "public" to version "50 - whatsapp web channel account phone index"
2026-08-02T21:34:38.176-04:00  INFO [correlationId:sin-correlacion] 12116 --- [backend-java] [           main] [                                                 ] o.f.core.internal.command.DbMigrate      : Migrating schema "public" to version "51 - add last qr at to channel account"
2026-08-02T21:34:38.193-04:00  INFO [correlationId:sin-correlacion] 12116 --- [backend-java] [           main] [                                                 ] o.f.core.internal.command.DbMigrate      : Migrating schema "public" to version "52 - business user table"
2026-08-02T21:34:38.215-04:00  INFO [correlationId:sin-correlacion] 12116 --- [backend-java] [           main] [                                                 ] o.f.core.internal.command.DbMigrate      : Migrating schema "public" to version "53 - seed business user demo locations"
2026-08-02T21:34:38.234-04:00  INFO [correlationId:sin-correlacion] 12116 --- [backend-java] [           main] [                                                 ] o.f.core.internal.command.DbMigrate      : Migrating schema "public" to version "54 - oauth state"
2026-08-02T21:34:38.257-04:00  INFO [correlationId:sin-correlacion] 12116 --- [backend-java] [           main] [                                                 ] o.f.core.internal.command.DbMigrate      : Migrating schema "public" to version "55 - calendar account nullable fields"
2026-08-02T21:34:38.275-04:00  INFO [correlationId:sin-correlacion] 12116 --- [backend-java] [           main] [                                                 ] o.f.core.internal.command.DbMigrate      : Migrating schema "public" to version "56 - refresh token and session"
2026-08-02T21:34:38.297-04:00  INFO [correlationId:sin-correlacion] 12116 --- [backend-java] [           main] [                                                 ] o.f.core.internal.command.DbMigrate      : Migrating schema "public" to version "57 - unique external message id"
2026-08-02T21:34:38.315-04:00  INFO [correlationId:sin-correlacion] 12116 --- [backend-java] [           main] [                                                 ] o.f.core.internal.command.DbMigrate      : Migrating schema "public" to version "58 - booking location exclusion constraint"
2026-08-02T21:34:38.333-04:00  INFO [correlationId:sin-correlacion] 12116 --- [backend-java] [           main] [                                                 ] o.f.core.internal.command.DbMigrate      : Migrating schema "public" to version "59 - add cloud api provider fields"
2026-08-02T21:34:38.360-04:00  INFO [correlationId:sin-correlacion] 12116 --- [backend-java] [           main] [                                                 ] o.f.core.internal.command.DbMigrate      : Migrating schema "public" to version "60 - add cloud api channel management fields"
2026-08-02T21:34:38.402-04:00  INFO [correlationId:sin-correlacion] 12116 --- [backend-java] [           main] [                                                 ] o.f.core.internal.command.DbMigrate      : Migrating schema "public" to version "61 - seed cloud api channel"
2026-08-02T21:34:38.424-04:00  INFO [correlationId:sin-correlacion] 12116 --- [backend-java] [           main] [                                                 ] o.f.core.internal.command.DbMigrate      : Migrating schema "public" to version "62 - add meta cloud api provider"
2026-08-02T21:34:38.446-04:00  INFO [correlationId:sin-correlacion] 12116 --- [backend-java] [           main] [                                                 ] o.f.core.internal.command.DbMigrate      : Migrating schema "public" to version "63 - associate meta cloud api to principal location"
2026-08-02T21:34:38.453-04:00  INFO [correlationId:sin-correlacion] 12116 --- [backend-java] [           main] [                                                 ] o.f.c.i.s.DefaultSqlScriptExecutor       : DB: Canal META_CLOUD_API ya estaba asociado a la sede principal; routing_mode actualizado
2026-08-02T21:34:38.472-04:00  INFO [correlationId:sin-correlacion] 12116 --- [backend-java] [           main] [                                                 ] o.f.core.internal.command.DbMigrate      : Migrating schema "public" to version "64 - centralize meta cloud api channels"
2026-08-02T21:34:38.492-04:00  INFO [correlationId:sin-correlacion] 12116 --- [backend-java] [           main] [                                                 ] o.f.c.i.s.DefaultSqlScriptExecutor       : DB: constraint "chk_channel_account_routing_consistency" of relation "channel_account" does not exist, skipping
2026-08-02T21:34:38.494-04:00  INFO [correlationId:sin-correlacion] 12116 --- [backend-java] [           main] [                                                 ] o.f.c.i.s.DefaultSqlScriptExecutor       : DB: constraint "chk_channel_account_meta_routing" of relation "channel_account" does not exist, skipping
2026-08-02T21:34:38.523-04:00  INFO [correlationId:sin-correlacion] 12116 --- [backend-java] [           main] [                                                 ] o.f.core.internal.command.DbMigrate      : Migrating schema "public" to version "65 - ensure meta cloud api constraint"
2026-08-02T21:34:38.544-04:00  INFO [correlationId:sin-correlacion] 12116 --- [backend-java] [           main] [                                                 ] o.f.core.internal.command.DbMigrate      : Migrating schema "public" to version "66 - ensure clean demo channel state"
2026-08-02T21:34:38.550-04:00  INFO [correlationId:sin-correlacion] 12116 --- [backend-java] [           main] [                                                 ] o.f.c.i.s.DefaultSqlScriptExecutor       : DB: V66: Demo channel state verified and fixed
2026-08-02T21:34:38.567-04:00  INFO [correlationId:sin-correlacion] 12116 --- [backend-java] [           main] [                                                 ] o.f.core.internal.command.DbMigrate      : Migrating schema "public" to version "67 - set meta cloud api connected"
2026-08-02T21:34:38.584-04:00  INFO [correlationId:sin-correlacion] 12116 --- [backend-java] [           main] [                                                 ] o.f.core.internal.command.DbMigrate      : Migrating schema "public" to version "68 - create business public config"
2026-08-02T21:34:38.604-04:00  INFO [correlationId:sin-correlacion] 12116 --- [backend-java] [           main] [                                                 ] o.f.core.internal.command.DbMigrate      : Migrating schema "public" to version "69 - create whatsapp click log"
2026-08-02T21:34:38.627-04:00  INFO [correlationId:sin-correlacion] 12116 --- [backend-java] [           main] [                                                 ] o.f.core.internal.command.DbMigrate      : Migrating schema "public" to version "70 - seed demo public config"
2026-08-02T21:34:38.647-04:00  INFO [correlationId:sin-correlacion] 12116 --- [backend-java] [           main] [                                                 ] o.f.core.internal.command.DbMigrate      : Migrating schema "public" to version "71 - add landing page source type"
2026-08-02T21:34:38.660-04:00  INFO [correlationId:sin-correlacion] 12116 --- [backend-java] [           main] [                                                 ] o.f.core.internal.command.DbMigrate      : Migrating schema "public" to version "72 - seed demo business hours"
2026-08-02T21:34:38.678-04:00  INFO [correlationId:sin-correlacion] 12116 --- [backend-java] [           main] [                                                 ] o.f.core.internal.command.DbMigrate      : Migrating schema "public" to version "73 - content items"
2026-08-02T21:34:38.704-04:00  INFO [correlationId:sin-correlacion] 12116 --- [backend-java] [           main] [                                                 ] o.f.core.internal.command.DbMigrate      : Migrating schema "public" to version "74 - seed demo content items"
2026-08-02T21:34:38.719-04:00  INFO [correlationId:sin-correlacion] 12116 --- [backend-java] [           main] [                                                 ] o.f.core.internal.command.DbMigrate      : Migrating schema "public" to version "75 - add content permissions"
2026-08-02T21:34:38.738-04:00  INFO [correlationId:sin-correlacion] 12116 --- [backend-java] [           main] [                                                 ] o.f.core.internal.command.DbMigrate      : Migrating schema "public" to version "76 - clean seed content items"
2026-08-02T21:34:38.753-04:00  INFO [correlationId:sin-correlacion] 12116 --- [backend-java] [           main] [                                                 ] o.f.core.internal.command.DbMigrate      : Migrating schema "public" to version "77 - booking reminder concurrent processing"
2026-08-02T21:34:38.776-04:00  INFO [correlationId:sin-correlacion] 12116 --- [backend-java] [           main] [                                                 ] o.f.core.internal.command.DbMigrate      : Migrating schema "public" to version "78 - exclude client cancelled from active booking unique index"
2026-08-02T21:34:38.793-04:00  INFO [correlationId:sin-correlacion] 12116 --- [backend-java] [           main] [                                                 ] o.f.core.internal.command.DbMigrate      : Migrating schema "public" to version "79 - add ai conversation explicit state"
2026-08-02T21:34:38.810-04:00  INFO [correlationId:sin-correlacion] 12116 --- [backend-java] [           main] [                                                 ] o.f.core.internal.command.DbMigrate      : Migrating schema "public" to version "80 - business policy versioned"
2026-08-02T21:34:38.848-04:00  INFO [correlationId:sin-correlacion] 12116 --- [backend-java] [           main] [                                                 ] o.f.core.internal.command.DbMigrate      : Migrating schema "public" to version "81 - slot step configurable"
2026-08-02T21:34:38.865-04:00  INFO [correlationId:sin-correlacion] 12116 --- [backend-java] [           main] [                                                 ] o.f.core.internal.command.DbMigrate      : Migrating schema "public" to version "82 - room capacity conflicts"
2026-08-02T21:34:38.882-04:00  INFO [correlationId:sin-correlacion] 12116 --- [backend-java] [           main] [                                                 ] o.f.core.internal.command.DbMigrate      : Migrating schema "public" to version "83 - professional travel time"
2026-08-02T21:34:38.907-04:00  INFO [correlationId:sin-correlacion] 12116 --- [backend-java] [           main] [                                                 ] o.f.core.internal.command.DbMigrate      : Migrating schema "public" to version "84 - slot discard trace"
2026-08-02T21:34:38.930-04:00  INFO [correlationId:sin-correlacion] 12116 --- [backend-java] [           main] [                                                 ] o.f.core.internal.command.DbMigrate      : Migrating schema "public" to version "85 - slot discard trace result input"
2026-08-02T21:34:38.936-04:00  INFO [correlationId:sin-correlacion] 12116 --- [backend-java] [           main] [                                                 ] o.f.c.i.s.DefaultSqlScriptExecutor       : DB: constraint "chk_asdt_result" of relation "agenda_slot_discard_trace" does not exist, skipping
2026-08-02T21:34:38.937-04:00  INFO [correlationId:sin-correlacion] 12116 --- [backend-java] [           main] [                                                 ] o.f.c.i.s.DefaultSqlScriptExecutor       : DB: constraint "chk_asdt_evaluation_ms" of relation "agenda_slot_discard_trace" does not exist, skipping
2026-08-02T21:34:38.948-04:00  INFO [correlationId:sin-correlacion] 12116 --- [backend-java] [           main] [                                                 ] o.f.core.internal.command.DbMigrate      : Migrating schema "public" to version "86 - booking operation idempotency"
2026-08-02T21:34:38.980-04:00  INFO [correlationId:sin-correlacion] 12116 --- [backend-java] [           main] [                                                 ] o.f.core.internal.command.DbMigrate      : Migrating schema "public" to version "87 - booking consent guardian"
2026-08-02T21:34:39.001-04:00  INFO [correlationId:sin-correlacion] 12116 --- [backend-java] [           main] [                                                 ] o.f.core.internal.command.DbMigrate      : Migrating schema "public" to version "88 - location daily booking capacity"
2026-08-02T21:34:39.005-04:00  INFO [correlationId:sin-correlacion] 12116 --- [backend-java] [           main] [                                                 ] o.f.c.i.s.DefaultSqlScriptExecutor       : DB: constraint "chk_business_location_daily_booking_capacity" of relation "business_location" does not exist, skipping
2026-08-02T21:34:39.018-04:00  INFO [correlationId:sin-correlacion] 12116 --- [backend-java] [           main] [                                                 ] o.f.core.internal.command.DbMigrate      : Migrating schema "public" to version "89 - professional qualification rules"
2026-08-02T21:34:39.021-04:00  INFO [correlationId:sin-correlacion] 12116 --- [backend-java] [           main] [                                                 ] o.f.c.i.s.DefaultSqlScriptExecutor       : DB: constraint "chk_aesthetic_professional_qualification_level" of relation "aesthetic_professional" does not exist, skipping
2026-08-02T21:34:39.024-04:00  INFO [correlationId:sin-correlacion] 12116 --- [backend-java] [           main] [                                                 ] o.f.c.i.s.DefaultSqlScriptExecutor       : DB: constraint "chk_aesthetic_service_required_professional_level" of relation "aesthetic_service" does not exist, skipping
2026-08-02T21:34:39.040-04:00  INFO [correlationId:sin-correlacion] 12116 --- [backend-java] [           main] [                                                 ] o.f.core.internal.command.DbMigrate      : Migrating schema "public" to version "90 - improve ai response templates"
2026-08-02T21:34:39.060-04:00  INFO [correlationId:sin-correlacion] 12116 --- [backend-java] [           main] [                                                 ] o.f.core.internal.command.DbMigrate      : Migrating schema "public" to version "91 - professional room assignment management"
2026-08-02T21:34:39.066-04:00  INFO [correlationId:sin-correlacion] 12116 --- [backend-java] [           main] [                                                 ] o.f.c.i.s.DefaultSqlScriptExecutor       : DB: constraint "chk_aesthetic_professional_min_minutes" of relation "aesthetic_professional" does not exist, skipping
2026-08-02T21:34:39.127-04:00  INFO [correlationId:sin-correlacion] 12116 --- [backend-java] [           main] [                                                 ] o.f.core.internal.command.DbMigrate      : Migrating schema "public" to version "92 - prefer meta cloud api whatsapp channel"
2026-08-02T21:34:39.144-04:00  INFO [correlationId:sin-correlacion] 12116 --- [backend-java] [           main] [                                                 ] o.f.core.internal.command.DbMigrate      : Migrating schema "public" to version "93 - business ai settings"
2026-08-02T21:34:39.175-04:00  INFO [correlationId:sin-correlacion] 12116 --- [backend-java] [           main] [                                                 ] o.f.core.internal.command.DbMigrate      : Migrating schema "public" to version "94 - ai audit review"
2026-08-02T21:34:39.204-04:00  INFO [correlationId:sin-correlacion] 12116 --- [backend-java] [           main] [                                                 ] o.f.core.internal.command.DbMigrate      : Migrating schema "public" to version "95 - business ai permissions"
2026-08-02T21:34:39.224-04:00  INFO [correlationId:sin-correlacion] 12116 --- [backend-java] [           main] [                                                 ] o.f.core.internal.command.DbMigrate      : Migrating schema "public" to version "96 - ai intent catalog"
2026-08-02T21:34:39.266-04:00  INFO [correlationId:sin-correlacion] 12116 --- [backend-java] [           main] [                                                 ] o.f.core.internal.command.DbMigrate      : Migrating schema "public" to version "97 - ai intent expression catalog"
2026-08-02T21:34:39.327-04:00  INFO [correlationId:sin-correlacion] 12116 --- [backend-java] [           main] [                                                 ] o.f.core.internal.command.DbMigrate      : Migrating schema "public" to version "98 - ai message analysis"
2026-08-02T21:34:39.367-04:00  INFO [correlationId:sin-correlacion] 12116 --- [backend-java] [           main] [                                                 ] o.f.core.internal.command.DbMigrate      : Migrating schema "public" to version "99 - ai detected intent"
2026-08-02T21:34:39.403-04:00  INFO [correlationId:sin-correlacion] 12116 --- [backend-java] [           main] [                                                 ] o.f.core.internal.command.DbMigrate      : Migrating schema "public" to version "100 - ai canonical entity"
2026-08-02T21:34:39.461-04:00  INFO [correlationId:sin-correlacion] 12116 --- [backend-java] [           main] [                                                 ] o.f.core.internal.command.DbMigrate      : Migrating schema "public" to version "101 - evolve ai entity alias"
2026-08-02T21:34:39.476-04:00  INFO [correlationId:sin-correlacion] 12116 --- [backend-java] [           main] [                                                 ] o.f.c.i.s.DefaultSqlScriptExecutor       : DB: constraint "fk_ai_entity_alias_canonical_entity" of relation "ai_entity_alias" does not exist, skipping
2026-08-02T21:34:39.481-04:00  INFO [correlationId:sin-correlacion] 12116 --- [backend-java] [           main] [                                                 ] o.f.c.i.s.DefaultSqlScriptExecutor       : DB: constraint "chk_ai_entity_alias_type" of relation "ai_entity_alias" does not exist, skipping
2026-08-02T21:34:39.485-04:00  INFO [correlationId:sin-correlacion] 12116 --- [backend-java] [           main] [                                                 ] o.f.c.i.s.DefaultSqlScriptExecutor       : DB: constraint "chk_ai_entity_alias_confidence" of relation "ai_entity_alias" does not exist, skipping
2026-08-02T21:34:39.524-04:00  INFO [correlationId:sin-correlacion] 12116 --- [backend-java] [           main] [                                                 ] o.f.core.internal.command.DbMigrate      : Migrating schema "public" to version "102 - ai detected entity"
2026-08-02T21:34:39.615-04:00  INFO [correlationId:sin-correlacion] 12116 --- [backend-java] [           main] [                                                 ] o.f.core.internal.command.DbMigrate      : Migrating schema "public" to version "103 - complete semantic catalog casuisticas"
2026-08-02T21:34:39.823-04:00  INFO [correlationId:sin-correlacion] 12116 --- [backend-java] [           main] [                                                 ] o.f.core.internal.command.DbMigrate      : Migrating schema "public" to version "104 - fix intent detection casuisticas"
2026-08-02T21:34:39.838-04:00  INFO [correlationId:sin-correlacion] 12116 --- [backend-java] [           main] [                                                 ] o.f.core.internal.command.DbMigrate      : Migrating schema "public" to version "105 - fix knowledge query intents"
2026-08-02T21:34:39.853-04:00  INFO [correlationId:sin-correlacion] 12116 --- [backend-java] [           main] [                                                 ] o.f.core.internal.command.DbMigrate      : Successfully applied 105 migrations to schema "public", now at version v105 (execution time 00:02.630s)
2026-08-02T21:34:39.990-04:00  INFO [correlationId:sin-correlacion] 12116 --- [backend-java] [           main] [                                                 ] o.hibernate.jpa.internal.util.LogHelper  : HHH000204: Processing PersistenceUnitInfo [name: default]
2026-08-02T21:34:40.069-04:00  INFO [correlationId:sin-correlacion] 12116 --- [backend-java] [           main] [                                                 ] org.hibernate.Version                    : HHH000412: Hibernate ORM core version 6.6.49.Final
2026-08-02T21:34:40.130-04:00  INFO [correlationId:sin-correlacion] 12116 --- [backend-java] [           main] [                                                 ] o.h.c.internal.RegionFactoryInitiator    : HHH000026: Second-level cache disabled
2026-08-02T21:34:40.569-04:00  INFO [correlationId:sin-correlacion] 12116 --- [backend-java] [           main] [                                                 ] o.s.o.j.p.SpringPersistenceUnitInfo      : No LoadTimeWeaver setup: ignoring JPA class transformer
2026-08-02T21:34:40.700-04:00  INFO [correlationId:sin-correlacion] 12116 --- [backend-java] [           main] [                                                 ] org.hibernate.orm.connections.pooling    : HHH10001005: Database info:
	Database JDBC URL [Connecting through datasource 'HikariDataSource (HikariPool-1)']
	Database driver: undefined/unknown
	Database version: 16.14
	Autocommit mode: undefined/unknown
	Isolation level: undefined/unknown
	Minimum pool size: undefined/unknown
	Maximum pool size: undefined/unknown
2026-08-02T21:34:42.172-04:00  INFO [correlationId:sin-correlacion] 12116 --- [backend-java] [           main] [                                                 ] o.h.e.t.j.p.i.JtaPlatformInitiator       : HHH000489: No JTA platform available (set 'hibernate.transaction.jta.platform' to enable JTA platform integration)
2026-08-02T21:34:42.251-04:00  INFO [correlationId:sin-correlacion] 12116 --- [backend-java] [           main] [                                                 ] j.LocalContainerEntityManagerFactoryBean : Initialized JPA EntityManagerFactory for persistence unit 'default'
2026-08-02T21:34:43.068-04:00  WARN [correlationId:sin-correlacion] 12116 --- [backend-java] [           main] [                                                 ] c.a.c.i.TokenEncryptionService           : CALENDAR_ENCRYPTION_SECRET_NOT_CONFIGURED using ephemeral key. Tokens will not survive restart.
2026-08-02T21:34:43.643-04:00  INFO [correlationId:sin-correlacion] 12116 --- [backend-java] [           main] [                                                 ] .a.c.a.WhatsAppChannelBootstrapValidator : WhatsApp channel provider activo: SIMULATED
2026-08-02T21:34:43.660-04:00  WARN [correlationId:sin-correlacion] 12116 --- [backend-java] [           main] [                                                 ] c.a.c.i.CloudApiTokenEncryptionService   : credential-encryption-secret not configured; token encryption unavailable
2026-08-02T21:34:43.948-04:00  INFO [correlationId:sin-correlacion] 12116 --- [backend-java] [           main] [                                                 ] o.s.d.j.r.query.QueryEnhancerFactory     : Hibernate is in classpath; If applicable, HQL parser will be used.
2026-08-02T21:34:44.668-04:00  WARN [correlationId:sin-correlacion] 12116 --- [backend-java] [           main] [                                                 ] .s.s.UserDetailsServiceAutoConfiguration : 

Using generated security password: 2b1a0b08-40dd-4ef4-aea8-46f4af85b3f7

This generated password is for development use only. Your security configuration must be updated before running your application in production.

2026-08-02T21:34:44.677-04:00  INFO [correlationId:sin-correlacion] 12116 --- [backend-java] [           main] [                                                 ] r$InitializeUserDetailsManagerConfigurer : Global AuthenticationManager configured with UserDetailsService bean with name inMemoryUserDetailsManager
2026-08-02T21:34:45.228-04:00  INFO [correlationId:sin-correlacion] 12116 --- [backend-java] [           main] [                                                 ] o.s.b.a.e.web.EndpointLinksResolver      : Exposing 2 endpoints beneath base path '/actuator'
2026-08-02T21:34:45.798-04:00  INFO [correlationId:sin-correlacion] 12116 --- [backend-java] [           main] [                                                 ] o.s.b.w.embedded.tomcat.TomcatWebServer  : Tomcat started on port 58500 (http) with context path '/'
2026-08-02T21:34:45.819-04:00  INFO [correlationId:sin-correlacion] 12116 --- [backend-java] [           main] [                                                 ] c.a.b.a.BookingConcurrencyTest           : Started BookingConcurrencyTest in 21.709 seconds (process running for 24.163)
2026-08-02T21:34:45.917-04:00  INFO [correlationId:sin-correlacion] 12116 --- [backend-java] [   scheduling-1] [1530cbf7a4fdfdf9cc4cff6d0d9b3edb-c5ea481259423810] c.a.a.i.CompleteAgendaJdbcRepository     : releaseExpiredTemporaryBookings - IN - [2026-08-03T01:34:45.916535400Z]
2026-08-02T21:34:45.921-04:00  INFO [correlationId:sin-correlacion] 12116 --- [backend-java] [   scheduling-1] [1530cbf7a4fdfdf9cc4cff6d0d9b3edb-c5ea481259423810] c.a.a.i.CompleteAgendaJdbcRepository     : releaseExpiredTemporaryBookings - OUT - done
2026-08-02T21:34:45.941-04:00  INFO [correlationId:sin-correlacion] 12116 --- [backend-java] [   scheduling-1] [7f716498ad860ff882591b20759b4b0c-9dfd35a51f0cac7d] c.a.a.i.CompleteAgendaJdbcRepository     : recoverStaleProcessingReminders - IN - [2026-08-03T01:19:45.941052700Z, e70a9c4b]
2026-08-02T21:34:45.947-04:00  INFO [correlationId:sin-correlacion] 12116 --- [backend-java] [   scheduling-1] [7f716498ad860ff882591b20759b4b0c-9dfd35a51f0cac7d] c.a.a.i.CompleteAgendaJdbcRepository     : claimDueReminders - IN - [2026-08-03T01:34:45.946543600Z, 50, e70a9c4b]
2026-08-02T21:34:45.960-04:00  INFO [correlationId:sin-correlacion] 12116 --- [backend-java] [   scheduling-1] [7f716498ad860ff882591b20759b4b0c-9dfd35a51f0cac7d] c.a.a.i.CompleteAgendaJdbcRepository     : claimDueReminders - OUT - ArrayList(size=0)
]]></system-out>
    <system-err><![CDATA[Mockito is currently self-attaching to enable the inline-mock-maker. This will no longer work in future releases of the JDK. Please add Mockito as an agent to your build as described in Mockito's documentation: https://javadoc.io/doc/org.mockito/mockito-core/latest/org.mockito/org/mockito/Mockito.html#0.3
WARNING: A Java agent has been loaded dynamically (C:\Users\altp2\.m2\repository\net\bytebuddy\byte-buddy-agent\1.17.8\byte-buddy-agent-1.17.8.jar)
WARNING: If a serviceability tool is in use, please run with -XX:+EnableDynamicAgentLoading to hide this warning
WARNING: If a serviceability tool is not in use, please run with -Djdk.instrument.traceUsage for more information
WARNING: Dynamic loading of agents will be disallowed by default in a future release
]]></system-err>
  </testcase>
  <testcase name="concurrentDirectInsertSameSlotOnlyOneSucceeds" classname="com.asistentewhatsapp.bookings.application.BookingConcurrencyTest" time="4.042"/>
  <testcase name="concurrentInsertTemporaryBookingSameSlotOnlyOneSucceeds" classname="com.asistentewhatsapp.bookings.application.BookingConcurrencyTest" time="4.079">
    <system-out><![CDATA[2026-08-02T21:34:50.625-04:00  INFO [correlationId:sin-correlacion] 12116 --- [backend-java] [pool-7-thread-4] [                                                 ] c.a.a.i.CompleteAgendaJdbcRepository     : insertTemporaryBooking - IN - [aaaaaaaa-aaaa-4aaa-aaaa-aaaaaaaaaaaa, bbbbbbbb-bbbb-4bbb-bbbb-bbbbbbbbbbbb, null, null, eeeeeeee-eeee-4eee-eeee-eeeeeeeeeeee, Concurrency Test, dddddddd-dddd-4ddd-dddd-dddddddddddd, 00000000-0000-4000-a000-000000000000, cccccccc-cccc-4ccc-cccc-cccccccccccc, null, 2026-09-02T07:00Z, 2026-09-02T08:00Z, 60, 2026-09-02T08:00Z, false, 0, null]
2026-08-02T21:34:50.625-04:00  INFO [correlationId:sin-correlacion] 12116 --- [backend-java] [pool-7-thread-5] [                                                 ] c.a.a.i.CompleteAgendaJdbcRepository     : insertTemporaryBooking - IN - [aaaaaaaa-aaaa-4aaa-aaaa-aaaaaaaaaaaa, bbbbbbbb-bbbb-4bbb-bbbb-bbbbbbbbbbbb, null, null, eeeeeeee-eeee-4eee-eeee-eeeeeeeeeeee, Concurrency Test, dddddddd-dddd-4ddd-dddd-dddddddddddd, 00000000-0000-4000-a000-000000000000, cccccccc-cccc-4ccc-cccc-cccccccccccc, null, 2026-09-02T07:00Z, 2026-09-02T08:00Z, 60, 2026-09-02T08:00Z, false, 0, null]
2026-08-02T21:34:50.625-04:00  INFO [correlationId:sin-correlacion] 12116 --- [backend-java] [pool-7-thread-3] [                                                 ] c.a.a.i.CompleteAgendaJdbcRepository     : insertTemporaryBooking - IN - [aaaaaaaa-aaaa-4aaa-aaaa-aaaaaaaaaaaa, bbbbbbbb-bbbb-4bbb-bbbb-bbbbbbbbbbbb, null, null, eeeeeeee-eeee-4eee-eeee-eeeeeeeeeeee, Concurrency Test, dddddddd-dddd-4ddd-dddd-dddddddddddd, 00000000-0000-4000-a000-000000000000, cccccccc-cccc-4ccc-cccc-cccccccccccc, null, 2026-09-02T07:00Z, 2026-09-02T08:00Z, 60, 2026-09-02T08:00Z, false, 0, null]
2026-08-02T21:34:50.626-04:00  INFO [correlationId:sin-correlacion] 12116 --- [backend-java] [pool-7-thread-1] [                                                 ] c.a.a.i.CompleteAgendaJdbcRepository     : insertTemporaryBooking - IN - [aaaaaaaa-aaaa-4aaa-aaaa-aaaaaaaaaaaa, bbbbbbbb-bbbb-4bbb-bbbb-bbbbbbbbbbbb, null, null, eeeeeeee-eeee-4eee-eeee-eeeeeeeeeeee, Concurrency Test, dddddddd-dddd-4ddd-dddd-dddddddddddd, 00000000-0000-4000-a000-000000000000, cccccccc-cccc-4ccc-cccc-cccccccccccc, null, 2026-09-02T07:00Z, 2026-09-02T08:00Z, 60, 2026-09-02T08:00Z, false, 0, null]
2026-08-02T21:34:50.625-04:00  INFO [correlationId:sin-correlacion] 12116 --- [backend-java] [pool-7-thread-2] [                                                 ] c.a.a.i.CompleteAgendaJdbcRepository     : insertTemporaryBooking - IN - [aaaaaaaa-aaaa-4aaa-aaaa-aaaaaaaaaaaa, bbbbbbbb-bbbb-4bbb-bbbb-bbbbbbbbbbbb, null, null, eeeeeeee-eeee-4eee-eeee-eeeeeeeeeeee, Concurrency Test, dddddddd-dddd-4ddd-dddd-dddddddddddd, 00000000-0000-4000-a000-000000000000, cccccccc-cccc-4ccc-cccc-cccccccccccc, null, 2026-09-02T07:00Z, 2026-09-02T08:00Z, 60, 2026-09-02T08:00Z, false, 0, null]
2026-08-02T21:34:54.666-04:00  INFO [correlationId:sin-correlacion] 12116 --- [backend-java] [pool-7-thread-5] [                                                 ] c.a.a.i.CompleteAgendaJdbcRepository     : insertStatusHistory - IN - [aaaaaaaa-aaaa-4aaa-aaaa-aaaaaaaaaaaa, ac7b5989-35fa-4ce7-b0d0-38b44ac979c4, null, PENDIENTE_CONFIRMACION, Reserva pendiente de confirmacion creada desde agenda digital completa., eeeeeeee-eeee-4eee-eeee-eeeeeeeeeeee, WHATSAPP]
2026-08-02T21:34:54.669-04:00  INFO [correlationId:sin-correlacion] 12116 --- [backend-java] [pool-7-thread-5] [                                                 ] c.a.a.i.CompleteAgendaJdbcRepository     : insertStatusHistory - OUT - done
2026-08-02T21:34:54.669-04:00  INFO [correlationId:sin-correlacion] 12116 --- [backend-java] [pool-7-thread-5] [                                                 ] c.a.a.i.CompleteAgendaJdbcRepository     : insertTemporaryBooking - OUT - ac7b5989-35fa-4ce7-b0d0-38b44ac979c4
]]></system-out>
  </testcase>
  <testcase name="concurrentInsertLocationOnlyNoProfessionalOrRoom" classname="com.asistentewhatsapp.bookings.application.BookingConcurrencyTest" time="0.043">
    <system-out><![CDATA[2026-08-02T21:34:54.698-04:00  INFO [correlationId:sin-correlacion] 12116 --- [backend-java] [pool-8-thread-4] [                                                 ] c.a.a.i.CompleteAgendaJdbcRepository     : insertTemporaryBooking - IN - [aaaaaaaa-aaaa-4aaa-aaaa-aaaaaaaaaaaa, bbbbbbbb-bbbb-4bbb-bbbb-bbbbbbbbbbbb, null, null, eeeeeeee-eeee-4eee-eeee-eeeeeeeeeeee, Location Only Concurrency Test, dddddddd-dddd-4ddd-dddd-dddddddddddd, 00000000-0000-4000-a000-000000000000, null, null, 2026-09-02T08:00Z, 2026-09-02T09:00Z, 60, 2026-09-02T09:00Z, false, 0, null]
2026-08-02T21:34:54.698-04:00  INFO [correlationId:sin-correlacion] 12116 --- [backend-java] [pool-8-thread-2] [                                                 ] c.a.a.i.CompleteAgendaJdbcRepository     : insertTemporaryBooking - IN - [aaaaaaaa-aaaa-4aaa-aaaa-aaaaaaaaaaaa, bbbbbbbb-bbbb-4bbb-bbbb-bbbbbbbbbbbb, null, null, eeeeeeee-eeee-4eee-eeee-eeeeeeeeeeee, Location Only Concurrency Test, dddddddd-dddd-4ddd-dddd-dddddddddddd, 00000000-0000-4000-a000-000000000000, null, null, 2026-09-02T08:00Z, 2026-09-02T09:00Z, 60, 2026-09-02T09:00Z, false, 0, null]
2026-08-02T21:34:54.698-04:00  INFO [correlationId:sin-correlacion] 12116 --- [backend-java] [pool-8-thread-3] [                                                 ] c.a.a.i.CompleteAgendaJdbcRepository     : insertTemporaryBooking - IN - [aaaaaaaa-aaaa-4aaa-aaaa-aaaaaaaaaaaa, bbbbbbbb-bbbb-4bbb-bbbb-bbbbbbbbbbbb, null, null, eeeeeeee-eeee-4eee-eeee-eeeeeeeeeeee, Location Only Concurrency Test, dddddddd-dddd-4ddd-dddd-dddddddddddd, 00000000-0000-4000-a000-000000000000, null, null, 2026-09-02T08:00Z, 2026-09-02T09:00Z, 60, 2026-09-02T09:00Z, false, 0, null]
2026-08-02T21:34:54.698-04:00  INFO [correlationId:sin-correlacion] 12116 --- [backend-java] [pool-8-thread-1] [                                                 ] c.a.a.i.CompleteAgendaJdbcRepository     : insertTemporaryBooking - IN - [aaaaaaaa-aaaa-4aaa-aaaa-aaaaaaaaaaaa, bbbbbbbb-bbbb-4bbb-bbbb-bbbbbbbbbbbb, null, null, eeeeeeee-eeee-4eee-eeee-eeeeeeeeeeee, Location Only Concurrency Test, dddddddd-dddd-4ddd-dddd-dddddddddddd, 00000000-0000-4000-a000-000000000000, null, null, 2026-09-02T08:00Z, 2026-09-02T09:00Z, 60, 2026-09-02T09:00Z, false, 0, null]
2026-08-02T21:34:54.698-04:00  INFO [correlationId:sin-correlacion] 12116 --- [backend-java] [pool-8-thread-5] [                                                 ] c.a.a.i.CompleteAgendaJdbcRepository     : insertTemporaryBooking - IN - [aaaaaaaa-aaaa-4aaa-aaaa-aaaaaaaaaaaa, bbbbbbbb-bbbb-4bbb-bbbb-bbbbbbbbbbbb, null, null, eeeeeeee-eeee-4eee-eeee-eeeeeeeeeeee, Location Only Concurrency Test, dddddddd-dddd-4ddd-dddd-dddddddddddd, 00000000-0000-4000-a000-000000000000, null, null, 2026-09-02T08:00Z, 2026-09-02T09:00Z, 60, 2026-09-02T09:00Z, false, 0, null]
2026-08-02T21:34:54.708-04:00  INFO [correlationId:sin-correlacion] 12116 --- [backend-java] [pool-8-thread-3] [                                                 ] c.a.a.i.CompleteAgendaJdbcRepository     : insertStatusHistory - IN - [aaaaaaaa-aaaa-4aaa-aaaa-aaaaaaaaaaaa, 5acd4aa2-d641-49c6-bbd0-396ad4557587, null, PENDIENTE_CONFIRMACION, Reserva pendiente de confirmacion creada desde agenda digital completa., eeeeeeee-eeee-4eee-eeee-eeeeeeeeeeee, WHATSAPP]
2026-08-02T21:34:54.712-04:00  INFO [correlationId:sin-correlacion] 12116 --- [backend-java] [pool-8-thread-3] [                                                 ] c.a.a.i.CompleteAgendaJdbcRepository     : insertStatusHistory - OUT - done
2026-08-02T21:34:54.712-04:00  INFO [correlationId:sin-correlacion] 12116 --- [backend-java] [pool-8-thread-3] [                                                 ] c.a.a.i.CompleteAgendaJdbcRepository     : insertTemporaryBooking - OUT - 5acd4aa2-d641-49c6-bbd0-396ad4557587
]]></system-out>
  </testcase>
  <testcase name="concurrentCancelOnlyOneSucceeds" classname="com.asistentewhatsapp.bookings.application.BookingConcurrencyTest" time="0.028"/>
</testsuite>